#-----------------------------------------------------------
# Vivado v2020.2 (64-bit)
# SW Build 3064766 on Wed Nov 18 09:12:45 MST 2020
# IP Build 3064653 on Wed Nov 18 14:17:31 MST 2020
# Start of session at: Sat Sep 25 19:10:22 2021
# Process ID: 12016
# Current directory: C:/Users/Caetano/Desktop/PED1/Semana 10/Grupo12_Semana10_Trabalho4/Semana10_Trabalho4.sim/sim_1/behav/xsim
# Command line: vivado.exe -gui_launcher_event rodinguilauncherevent10968 C:\Users\Caetano\Desktop\PED1\Semana 10\Grupo12_Semana10_Trabalho4\Semana10_Trabalho4.sim\sim_1\behav\xsim\main_tb_behav.wdb
# Log file: C:/Users/Caetano/Desktop/PED1/Semana 10/Grupo12_Semana10_Trabalho4/Semana10_Trabalho4.sim/sim_1/behav/xsim/vivado.log
# Journal file: C:/Users/Caetano/Desktop/PED1/Semana 10/Grupo12_Semana10_Trabalho4/Semana10_Trabalho4.sim/sim_1/behav/xsim\vivado.jou
#-----------------------------------------------------------
start_gui
open_wave_database {C:\Users\Caetano\Desktop\PED1\Semana 10\Grupo12_Semana10_Trabalho4\Semana10_Trabalho4.sim\sim_1\behav\xsim\main_tb_behav.wdb}
INFO: [IP_Flow 19-234] Refreshing IP repositories
INFO: [IP_Flow 19-1704] No user IP repositories specified
INFO: [IP_Flow 19-2313] Loaded Vivado IP repository 'C:/Xilinx/Vivado/2020.2/data/ip'.
open_wave_database: Time (s): cpu = 00:00:17 ; elapsed = 00:00:06 . Memory (MB): peak = 1000.918 ; gain =close_sim
INFO: [Simtcl 6-16] Simulation closed
exit
INFO: [Common 17-206] Exiting Vivado at Sat Sep 25 19:12:10 2021...
Simulation closed
exit
INFO: [Common 17-206] Exiting Vivado at Sat Sep 25 19:12:05 2021...
