
*** Running vivado
    with args -log main_counter_async_0toF.vdi -applog -m64 -product Vivado -messageDb vivado.pb -mode batch -source main_counter_async_0toF.tcl -notrace



****** Vivado v2020.2 (64-bit)
  **** SW Build 3064766 on Wed Nov 18 09:12:45 MST 2020
  **** IP Build 3064653 on Wed Nov 18 14:17:31 MST 2020
    ** Copyright 1986-2020 Xilinx, Inc. All Rights Reserved.

source main_counter_async_0toF.tcl -notrace
Command: link_design -top main_counter_async_0toF -part xc7a35tcpg236-1
Design is defaulting to srcset: sources_1
Design is defaulting to constrset: constrs_1
INFO: [Device 21-403] Loading part xc7a35tcpg236-1
Netlist sorting complete. Time (s): cpu = 00:00:00 ; elapsed = 00:00:00.001 . Memory (MB): peak = 1006.199 ; gain = 0.000
INFO: [Netlist 29-17] Analyzing 7 Unisim elements for replacement
INFO: [Netlist 29-28] Unisim Transformation completed in 1 CPU seconds
INFO: [Project 1-479] Netlist was created with Vivado 2020.2
INFO: [Project 1-570] Preparing netlist for logic optimization
Parsing XDC File [C:/Users/pedro/OneDrive/Documentos/GitHub/PED1/Semana 14/Trabalho_7_Grupo_12/Trabalho_7_Grupo_12.srcs/constrs_1/imports/PED1/Basys3_Master.xdc]
Finished Parsing XDC File [C:/Users/pedro/OneDrive/Documentos/GitHub/PED1/Semana 14/Trabalho_7_Grupo_12/Trabalho_7_Grupo_12.srcs/constrs_1/imports/PED1/Basys3_Master.xdc]
INFO: [Opt 31-138] Pushed 0 inverter(s) to 0 load pin(s).
Netlist sorting complete. Time (s): cpu = 00:00:00 ; elapsed = 00:00:00 . Memory (MB): peak = 1006.199 ; gain = 0.000
INFO: [Project 1-111] Unisim Transformation Summary:
No Unisim elements were transformed.

7 Infos, 0 Warnings, 0 Critical Warnings and 0 Errors encountered.
link_design completed successfully
link_design: Time (s): cpu = 00:00:08 ; elapsed = 00:00:10 . Memory (MB): peak = 1006.199 ; gain = 0.000
Command: opt_design
Attempting to get a license for feature 'Implementation' and/or device 'xc7a35t'
INFO: [Common 17-349] Got license for feature 'Implementation' and/or device 'xc7a35t'
Running DRC as a precondition to command opt_design

Starting DRC Task
INFO: [DRC 23-27] Running DRC with 2 threads
INFO: [Project 1-461] DRC finished with 0 Errors
INFO: [Project 1-462] Please refer to the DRC report (report_drc) for more information.

Time (s): cpu = 00:00:02 ; elapsed = 00:00:01 . Memory (MB): peak = 1006.199 ; gain = 0.000

Starting Cache Timing Information Task
INFO: [Timing 38-35] Done setting XDC timing constraints.
Ending Cache Timing Information Task | Checksum: 24834946c

Time (s): cpu = 00:00:10 ; elapsed = 00:00:10 . Memory (MB): peak = 1216.461 ; gain = 210.262

Starting Logic Optimization Task

Phase 1 Retarget
INFO: [Opt 31-138] Pushed 3 inverter(s) to 3 load pin(s).
INFO: [Opt 31-49] Retargeted 0 cell(s).
Phase 1 Retarget | Checksum: 1461d3144

Time (s): cpu = 00:00:00 ; elapsed = 00:00:00.017 . Memory (MB): peak = 1426.711 ; gain = 0.000
INFO: [Opt 31-389] Phase Retarget created 0 cells and removed 0 cells

Phase 2 Constant propagation
INFO: [Opt 31-138] Pushed 0 inverter(s) to 0 load pin(s).
Phase 2 Constant propagation | Checksum: 1461d3144

Time (s): cpu = 00:00:00 ; elapsed = 00:00:00.020 . Memory (MB): peak = 1426.711 ; gain = 0.000
INFO: [Opt 31-389] Phase Constant propagation created 0 cells and removed 0 cells

Phase 3 Sweep
Phase 3 Sweep | Checksum: 20326a8ae

Time (s): cpu = 00:00:00 ; elapsed = 00:00:00.024 . Memory (MB): peak = 1426.711 ; gain = 0.000
INFO: [Opt 31-389] Phase Sweep created 0 cells and removed 0 cells

Phase 4 BUFG optimization
Phase 4 BUFG optimization | Checksum: 20326a8ae

Time (s): cpu = 00:00:00 ; elapsed = 00:00:00.029 . Memory (MB): peak = 1426.711 ; gain = 0.000
INFO: [Opt 31-662] Phase BUFG optimization created 0 cells of which 0 are BUFGs and removed 0 cells.

Phase 5 Shift Register Optimization
INFO: [Opt 31-1064] SRL Remap converted 0 SRLs to 0 registers and converted 0 registers of register chains to 0 SRLs
Phase 5 Shift Register Optimization | Checksum: 20326a8ae

Time (s): cpu = 00:00:00 ; elapsed = 00:00:00.031 . Memory (MB): peak = 1426.711 ; gain = 0.000
INFO: [Opt 31-389] Phase Shift Register Optimization created 0 cells and removed 0 cells

Phase 6 Post Processing Netlist
Phase 6 Post Processing Netlist | Checksum: 20326a8ae

Time (s): cpu = 00:00:00 ; elapsed = 00:00:00.033 . Memory (MB): peak = 1426.711 ; gain = 0.000
INFO: [Opt 31-389] Phase Post Processing Netlist created 0 cells and removed 0 cells
Opt_design Change Summary
=========================


-------------------------------------------------------------------------------------------------------------------------
|  Phase                        |  #Cells created  |  #Cells Removed  |  #Constrained objects preventing optimizations  |
-------------------------------------------------------------------------------------------------------------------------
|  Retarget                     |               0  |               0  |                                              0  |
|  Constant propagation         |               0  |               0  |                                              0  |
|  Sweep                        |               0  |               0  |                                              0  |
|  BUFG optimization            |               0  |               0  |                                              0  |
|  Shift Register Optimization  |               0  |               0  |                                              0  |
|  Post Processing Netlist      |               0  |               0  |                                              0  |
-------------------------------------------------------------------------------------------------------------------------



Starting Connectivity Check Task

Time (s): cpu = 00:00:00 ; elapsed = 00:00:00.003 . Memory (MB): peak = 1426.711 ; gain = 0.000
Ending Logic Optimization Task | Checksum: 1a2f5125d

Time (s): cpu = 00:00:00 ; elapsed = 00:00:00.059 . Memory (MB): peak = 1426.711 ; gain = 0.000

Starting Power Optimization Task
INFO: [Pwropt 34-132] Skipping clock gating for clocks with a period < 2.00 ns.
Ending Power Optimization Task | Checksum: 1a2f5125d

Time (s): cpu = 00:00:00 ; elapsed = 00:00:00.010 . Memory (MB): peak = 1426.711 ; gain = 0.000

Starting Final Cleanup Task
Ending Final Cleanup Task | Checksum: 1a2f5125d

Time (s): cpu = 00:00:00 ; elapsed = 00:00:00 . Memory (MB): peak = 1426.711 ; gain = 0.000

Starting Netlist Obfuscation Task
Netlist sorting complete. Time (s): cpu = 00:00:00 ; elapsed = 00:00:00 . Memory (MB): peak = 1426.711 ; gain = 0.000
Ending Netlist Obfuscation Task | Checksum: 1a2f5125d

Time (s): cpu = 00:00:00 ; elapsed = 00:00:00.001 . Memory (MB): peak = 1426.711 ; gain = 0.000
INFO: [Common 17-83] Releasing license: Implementation
24 Infos, 0 Warnings, 0 Critical Warnings and 0 Errors encountered.
opt_design completed successfully
opt_design: Time (s): cpu = 00:00:15 ; elapsed = 00:00:15 . Memory (MB): peak = 1426.711 ; gain = 420.512
INFO: [Timing 38-480] Writing timing data to binary archive.
Writing placer database...
Writing XDEF routing.
Writing XDEF routing logical nets.
Writing XDEF routing special nets.
Write XDEF Complete: Time (s): cpu = 00:00:00 ; elapsed = 00:00:00.075 . Memory (MB): peak = 1426.711 ; gain = 0.000
INFO: [Common 17-1381] The checkpoint 'C:/Users/pedro/OneDrive/Documentos/GitHub/PED1/Semana 14/Trabalho_7_Grupo_12/Trabalho_7_Grupo_12.runs/impl_1/main_counter_async_0toF_opt.dcp' has been generated.
INFO: [runtcl-4] Executing : report_drc -file main_counter_async_0toF_drc_opted.rpt -pb main_counter_async_0toF_drc_opted.pb -rpx main_counter_async_0toF_drc_opted.rpx
Command: report_drc -file main_counter_async_0toF_drc_opted.rpt -pb main_counter_async_0toF_drc_opted.pb -rpx main_counter_async_0toF_drc_opted.rpx
INFO: [IP_Flow 19-234] Refreshing IP repositories
INFO: [IP_Flow 19-1704] No user IP repositories specified
WARNING: [IP_Flow 19-1694] Ignoring duplicate Bus Definition IP file 'xilinx.com:interface:pcie_pipe_debug:1.0' found within IP repository 'C:/Users/pedro/Downloads/Vivado/2020.2/data/ip'.
File in use: c:/Users/pedro/Downloads/Vivado/2020.2/data/ip/interfaces/pcie3_pipe_debug_v1_0/pcie_pipe_debug.xml
File ignored: c:/Users/pedro/Downloads/Vivado/2020.2/data/ip/interfaces/pcie_pipe_debug_v1_0/pcie_pipe_debug.xml
WARNING: [IP_Flow 19-1694] Ignoring duplicate Bus Abstraction IP file 'xilinx.com:interface:pcie_pipe_debug_rtl:1.0' found within IP repository 'C:/Users/pedro/Downloads/Vivado/2020.2/data/ip'.
File in use: c:/Users/pedro/Downloads/Vivado/2020.2/data/ip/interfaces/pcie3_pipe_debug_v1_0/pcie_pipe_debug_rtl.xml
File ignored: c:/Users/pedro/Downloads/Vivado/2020.2/data/ip/interfaces/pcie_pipe_debug_v1_0/pcie_pipe_debug_rtl.xml
WARNING: [IP_Flow 19-1694] Ignoring duplicate Bus Definition IP file 'xilinx.com:display_aurora:core_control_in:1.0' found within IP repository 'C:/Users/pedro/Downloads/Vivado/2020.2/data/ip'.
File in use: c:/Users/pedro/Downloads/Vivado/2020.2/data/ip/xilinx/aurora_64b66b_v12_0/interfaces/core_control_in.xml
File ignored: c:/Users/pedro/Downloads/Vivado/2020.2/data/ip/xilinx/aurora_8b10b_v11_1/interfaces/core_control_in.xml
WARNING: [IP_Flow 19-1694] Ignoring duplicate Bus Abstraction IP file 'xilinx.com:display_aurora:core_control_in_rtl:1.0' found within IP repository 'C:/Users/pedro/Downloads/Vivado/2020.2/data/ip'.
File in use: c:/Users/pedro/Downloads/Vivado/2020.2/data/ip/xilinx/aurora_64b66b_v12_0/interfaces/core_control_in_rtl.xml
File ignored: c:/Users/pedro/Downloads/Vivado/2020.2/data/ip/xilinx/aurora_8b10b_v11_1/interfaces/core_control_in_rtl.xml
WARNING: [IP_Flow 19-1694] Ignoring duplicate Bus Definition IP file 'xilinx.com:display_aurora:core_status_out:1.0' found within IP repository 'C:/Users/pedro/Downloads/Vivado/2020.2/data/ip'.
File in use: c:/Users/pedro/Downloads/Vivado/2020.2/data/ip/xilinx/aurora_64b66b_v12_0/interfaces/core_status_out.xml
File ignored: c:/Users/pedro/Downloads/Vivado/2020.2/data/ip/xilinx/aurora_8b10b_v11_1/interfaces/core_status_out.xml
WARNING: [IP_Flow 19-1694] Ignoring duplicate Bus Abstraction IP file 'xilinx.com:display_aurora:core_status_out_rtl:1.0' found within IP repository 'C:/Users/pedro/Downloads/Vivado/2020.2/data/ip'.
File in use: c:/Users/pedro/Downloads/Vivado/2020.2/data/ip/xilinx/aurora_64b66b_v12_0/interfaces/core_status_out_rtl.xml
File ignored: c:/Users/pedro/Downloads/Vivado/2020.2/data/ip/xilinx/aurora_8b10b_v11_1/interfaces/core_status_out_rtl.xml
WARNING: [IP_Flow 19-1694] Ignoring duplicate Bus Definition IP file 'xilinx.com:display_aurora:GT_Serial_Transceiver_Pins_RX:1.0' found within IP repository 'C:/Users/pedro/Downloads/Vivado/2020.2/data/ip'.
File in use: c:/Users/pedro/Downloads/Vivado/2020.2/data/ip/xilinx/aurora_64b66b_v12_0/interfaces/GT_Serial_Transceiver_Pins_RX.xml
File ignored: c:/Users/pedro/Downloads/Vivado/2020.2/data/ip/xilinx/aurora_8b10b_v11_1/interfaces/GT_Serial_Transceiver_Pins_RX.xml
WARNING: [IP_Flow 19-1694] Ignoring duplicate Bus Abstraction IP file 'xilinx.com:display_aurora:GT_Serial_Transceiver_Pins_RX_rtl:1.0' found within IP repository 'C:/Users/pedro/Downloads/Vivado/2020.2/data/ip'.
File in use: c:/Users/pedro/Downloads/Vivado/2020.2/data/ip/xilinx/aurora_64b66b_v12_0/interfaces/GT_Serial_Transceiver_Pins_RX_rtl.xml
File ignored: c:/Users/pedro/Downloads/Vivado/2020.2/data/ip/xilinx/aurora_8b10b_v11_1/interfaces/GT_Serial_Transceiver_Pins_RX_rtl.xml
WARNING: [IP_Flow 19-1694] Ignoring duplicate Bus Definition IP file 'xilinx.com:display_aurora:GT_Serial_Transceiver_Pins_TX:1.0' found within IP repository 'C:/Users/pedro/Downloads/Vivado/2020.2/data/ip'.
File in use: c:/Users/pedro/Downloads/Vivado/2020.2/data/ip/xilinx/aurora_64b66b_v12_0/interfaces/GT_Serial_Transceiver_Pins_TX.xml
File ignored: c:/Users/pedro/Downloads/Vivado/2020.2/data/ip/xilinx/aurora_8b10b_v11_1/interfaces/GT_Serial_Transceiver_Pins_TX.xml
WARNING: [IP_Flow 19-1694] Ignoring duplicate Bus Abstraction IP file 'xilinx.com:display_aurora:GT_Serial_Transceiver_Pins_TX_rtl:1.0' found within IP repository 'C:/Users/pedro/Downloads/Vivado/2020.2/data/ip'.
File in use: c:/Users/pedro/Downloads/Vivado/2020.2/data/ip/xilinx/aurora_64b66b_v12_0/interfaces/GT_Serial_Transceiver_Pins_TX_rtl.xml
File ignored: c:/Users/pedro/Downloads/Vivado/2020.2/data/ip/xilinx/aurora_8b10b_v11_1/interfaces/GT_Serial_Transceiver_Pins_TX_rtl.xml
WARNING: [IP_Flow 19-1694] Ignoring duplicate Bus Definition IP file 'xilinx.com:display_aurora:transceiver_debug:1.0' found within IP repository 'C:/Users/pedro/Downloads/Vivado/2020.2/data/ip'.
File in use: c:/Users/pedro/Downloads/Vivado/2020.2/data/ip/xilinx/aurora_64b66b_v12_0/interfaces/transceiver_debug.xml
File ignored: c:/Users/pedro/Downloads/Vivado/2020.2/data/ip/xilinx/aurora_8b10b_v11_1/interfaces/transceiver_debug.xml
WARNING: [IP_Flow 19-1694] Ignoring duplicate Bus Abstraction IP file 'xilinx.com:display_aurora:transceiver_debug_rtl:1.0' found within IP repository 'C:/Users/pedro/Downloads/Vivado/2020.2/data/ip'.
File in use: c:/Users/pedro/Downloads/Vivado/2020.2/data/ip/xilinx/aurora_64b66b_v12_0/interfaces/transceiver_debug_rtl.xml
File ignored: c:/Users/pedro/Downloads/Vivado/2020.2/data/ip/xilinx/aurora_8b10b_v11_1/interfaces/transceiver_debug_rtl.xml
WARNING: [IP_Flow 19-1694] Ignoring duplicate Bus Abstraction IP file 'xilinx.com:display_cmac_usplus:an_lt_ctrl_ports:2.0' found within IP repository 'C:/Users/pedro/Downloads/Vivado/2020.2/data/ip'.
File in use: c:/Users/pedro/Downloads/Vivado/2020.2/data/ip/xilinx/an_lt_v1_0/interfaces/an_lt_ctrl_ports.xml
File ignored: c:/Users/pedro/Downloads/Vivado/2020.2/data/ip/xilinx/cmac_usplus_v3_1/interfaces/an_lt_ctrl_ports.xml
WARNING: [IP_Flow 19-1694] Ignoring duplicate Bus Definition IP file 'xilinx.com:display_cmac_usplus:an_lt_ctrl_ports_int:2.0' found within IP repository 'C:/Users/pedro/Downloads/Vivado/2020.2/data/ip'.
File in use: c:/Users/pedro/Downloads/Vivado/2020.2/data/ip/xilinx/an_lt_v1_0/interfaces/an_lt_ctrl_ports_int.xml
File ignored: c:/Users/pedro/Downloads/Vivado/2020.2/data/ip/xilinx/cmac_usplus_v3_1/interfaces/an_lt_ctrl_ports_int.xml
WARNING: [IP_Flow 19-1694] Ignoring duplicate Bus Abstraction IP file 'xilinx.com:display_cmac_usplus:statistics_ports:2.0' found within IP repository 'C:/Users/pedro/Downloads/Vivado/2020.2/data/ip'.
File in use: c:/Users/pedro/Downloads/Vivado/2020.2/data/ip/xilinx/an_lt_v1_0/interfaces/statistics_ports.xml
File ignored: c:/Users/pedro/Downloads/Vivado/2020.2/data/ip/xilinx/cmac_usplus_v3_1/interfaces/statistics_ports.xml
WARNING: [IP_Flow 19-1694] Ignoring duplicate Bus Definition IP file 'xilinx.com:display_cmac_usplus:statistics_ports_int:2.0' found within IP repository 'C:/Users/pedro/Downloads/Vivado/2020.2/data/ip'.
File in use: c:/Users/pedro/Downloads/Vivado/2020.2/data/ip/xilinx/an_lt_v1_0/interfaces/statistics_ports_int.xml
File ignored: c:/Users/pedro/Downloads/Vivado/2020.2/data/ip/xilinx/cmac_usplus_v3_1/interfaces/statistics_ports_int.xml
WARNING: [IP_Flow 19-1694] Ignoring duplicate Bus Definition IP file 'xilinx.com:display_gig_ethernet_pcs_pma:gt_xcvr_debug_io:1.0' found within IP repository 'C:/Users/pedro/Downloads/Vivado/2020.2/data/ip'.
File in use: c:/Users/pedro/Downloads/Vivado/2020.2/data/ip/xilinx/gig_ethernet_pcs_pma_v16_1/gt_xcvr_debug_io.xml
File ignored: c:/Users/pedro/Downloads/Vivado/2020.2/data/ip/xilinx/gig_ethernet_pcs_pma_v16_2/gt_xcvr_debug_io.xml
WARNING: [IP_Flow 19-1694] Ignoring duplicate Bus Abstraction IP file 'xilinx.com:display_gig_ethernet_pcs_pma:gt_xcvr_debug_io_rtl:1.0' found within IP repository 'C:/Users/pedro/Downloads/Vivado/2020.2/data/ip'.
File in use: c:/Users/pedro/Downloads/Vivado/2020.2/data/ip/xilinx/gig_ethernet_pcs_pma_v16_1/gt_xcvr_debug_io_rtl.xml
File ignored: c:/Users/pedro/Downloads/Vivado/2020.2/data/ip/xilinx/gig_ethernet_pcs_pma_v16_2/gt_xcvr_debug_io_rtl.xml
WARNING: [IP_Flow 19-395] Problem validating against XML schema: see 'spirit:vendor' : Mandatory element missing or unexpected element found
WARNING: [IP_Flow 19-395] Problem validating against XML schema: see 'spirit:vendor' : Mandatory element missing or unexpected element found
WARNING: [IP_Flow 19-395] Problem validating against XML schema: see 'spirit:vendor' : Mandatory element missing or unexpected element found
WARNING: [IP_Flow 19-1694] Ignoring duplicate Bus Definition IP file 'xilinx.com:interface:gt_bufgt:1.0' found within IP repository 'C:/Users/pedro/Downloads/Vivado/2020.2/data/ip'.
File in use: c:/Users/pedro/Downloads/Vivado/2020.2/data/ip/xilinx/gt_quad_base_v1_0/interfaces/gt_bufgt_v1_0/gt_bufgt.xml
File ignored: c:/Users/pedro/Downloads/Vivado/2020.2/data/ip/xilinx/gt_quad_base_v1_1/interfaces/gt_bufgt_v1_0/gt_bufgt.xml
WARNING: [IP_Flow 19-1694] Ignoring duplicate Bus Abstraction IP file 'xilinx.com:interface:gt_bufgt_rtl:1.0' found within IP repository 'C:/Users/pedro/Downloads/Vivado/2020.2/data/ip'.
File in use: c:/Users/pedro/Downloads/Vivado/2020.2/data/ip/xilinx/gt_quad_base_v1_0/interfaces/gt_bufgt_v1_0/gt_bufgt_rtl.xml
File ignored: c:/Users/pedro/Downloads/Vivado/2020.2/data/ip/xilinx/gt_quad_base_v1_1/interfaces/gt_bufgt_v1_0/gt_bufgt_rtl.xml
WARNING: [IP_Flow 19-1694] Ignoring duplicate Bus Definition IP file 'xilinx.com:interface:gt_channel_debug:1.0' found within IP repository 'C:/Users/pedro/Downloads/Vivado/2020.2/data/ip'.
File in use: c:/Users/pedro/Downloads/Vivado/2020.2/data/ip/xilinx/gt_quad_base_v1_0/interfaces/gt_channel_debug_v1_0/gt_channel_debug.xml
File ignored: c:/Users/pedro/Downloads/Vivado/2020.2/data/ip/xilinx/gt_quad_base_v1_1/interfaces/gt_channel_debug_v1_0/gt_channel_debug.xml
WARNING: [IP_Flow 19-1694] Ignoring duplicate Bus Abstraction IP file 'xilinx.com:interface:gt_channel_debug_rtl:1.0' found within IP repository 'C:/Users/pedro/Downloads/Vivado/2020.2/data/ip'.
File in use: c:/Users/pedro/Downloads/Vivado/2020.2/data/ip/xilinx/gt_quad_base_v1_0/interfaces/gt_channel_debug_v1_0/gt_channel_debug_rtl.xml
File ignored: c:/Users/pedro/Downloads/Vivado/2020.2/data/ip/xilinx/gt_quad_base_v1_1/interfaces/gt_channel_debug_v1_0/gt_channel_debug_rtl.xml
WARNING: [IP_Flow 19-1694] Ignoring duplicate Bus Definition IP file 'xilinx.com:interface:gt_debug:1.0' found within IP repository 'C:/Users/pedro/Downloads/Vivado/2020.2/data/ip'.
File in use: c:/Users/pedro/Downloads/Vivado/2020.2/data/ip/xilinx/gt_quad_base_v1_0/interfaces/gt_debug_v1_0/gt_debug.xml
File ignored: c:/Users/pedro/Downloads/Vivado/2020.2/data/ip/xilinx/gt_quad_base_v1_1/interfaces/gt_debug_v1_0/gt_debug.xml
WARNING: [IP_Flow 19-1694] Ignoring duplicate Bus Abstraction IP file 'xilinx.com:interface:gt_debug_rtl:1.0' found within IP repository 'C:/Users/pedro/Downloads/Vivado/2020.2/data/ip'.
File in use: c:/Users/pedro/Downloads/Vivado/2020.2/data/ip/xilinx/gt_quad_base_v1_0/interfaces/gt_debug_v1_0/gt_debug_rtl.xml
File ignored: c:/Users/pedro/Downloads/Vivado/2020.2/data/ip/xilinx/gt_quad_base_v1_1/interfaces/gt_debug_v1_0/gt_debug_rtl.xml
WARNING: [IP_Flow 19-1694] Ignoring duplicate Bus Definition IP file 'xilinx.com:interface:gt_hsclk_debug:1.0' found within IP repository 'C:/Users/pedro/Downloads/Vivado/2020.2/data/ip'.
File in use: c:/Users/pedro/Downloads/Vivado/2020.2/data/ip/xilinx/gt_quad_base_v1_0/interfaces/gt_hsclk_debug_v1_0/gt_hsclk_debug.xml
File ignored: c:/Users/pedro/Downloads/Vivado/2020.2/data/ip/xilinx/gt_quad_base_v1_1/interfaces/gt_hsclk_debug_v1_0/gt_hsclk_debug.xml
WARNING: [IP_Flow 19-1694] Ignoring duplicate Bus Abstraction IP file 'xilinx.com:interface:gt_hsclk_debug_rtl:1.0' found within IP repository 'C:/Users/pedro/Downloads/Vivado/2020.2/data/ip'.
File in use: c:/Users/pedro/Downloads/Vivado/2020.2/data/ip/xilinx/gt_quad_base_v1_0/interfaces/gt_hsclk_debug_v1_0/gt_hsclk_debug_rtl.xml
File ignored: c:/Users/pedro/Downloads/Vivado/2020.2/data/ip/xilinx/gt_quad_base_v1_1/interfaces/gt_hsclk_debug_v1_0/gt_hsclk_debug_rtl.xml
WARNING: [IP_Flow 19-1694] Ignoring duplicate Bus Definition IP file 'xilinx.com:interface:gt_northsouth:1.0' found within IP repository 'C:/Users/pedro/Downloads/Vivado/2020.2/data/ip'.
File in use: c:/Users/pedro/Downloads/Vivado/2020.2/data/ip/xilinx/gt_quad_base_v1_0/interfaces/gt_northsouth_v1_0/gt_northsouth.xml
File ignored: c:/Users/pedro/Downloads/Vivado/2020.2/data/ip/xilinx/gt_quad_base_v1_1/interfaces/gt_northsouth_v1_0/gt_northsouth.xml
WARNING: [IP_Flow 19-1694] Ignoring duplicate Bus Abstraction IP file 'xilinx.com:interface:gt_northsouth_rtl:1.0' found within IP repository 'C:/Users/pedro/Downloads/Vivado/2020.2/data/ip'.
File in use: c:/Users/pedro/Downloads/Vivado/2020.2/data/ip/xilinx/gt_quad_base_v1_0/interfaces/gt_northsouth_v1_0/gt_northsouth_rtl.xml
File ignored: c:/Users/pedro/Downloads/Vivado/2020.2/data/ip/xilinx/gt_quad_base_v1_1/interfaces/gt_northsouth_v1_0/gt_northsouth_rtl.xml
WARNING: [IP_Flow 19-395] Problem validating against XML schema: see 'spirit:vendor' : Mandatory element missing or unexpected element found
WARNING: [IP_Flow 19-1694] Ignoring duplicate Bus Definition IP file 'xilinx.com:signal:gt_outclk:1.0' found within IP repository 'C:/Users/pedro/Downloads/Vivado/2020.2/data/ip'.
File in use: c:/Users/pedro/Downloads/Vivado/2020.2/data/ip/xilinx/gt_quad_base_v1_0/interfaces/gt_outclk_v1_0/gt_outclk.xml
File ignored: c:/Users/pedro/Downloads/Vivado/2020.2/data/ip/xilinx/gt_quad_base_v1_1/interfaces/gt_outclk_v1_0/gt_outclk.xml
WARNING: [IP_Flow 19-1694] Ignoring duplicate Bus Abstraction IP file 'xilinx.com:signal:gt_outclk_rtl:1.0' found within IP repository 'C:/Users/pedro/Downloads/Vivado/2020.2/data/ip'.
File in use: c:/Users/pedro/Downloads/Vivado/2020.2/data/ip/xilinx/gt_quad_base_v1_0/interfaces/gt_outclk_v1_0/gt_outclk_rtl.xml
File ignored: c:/Users/pedro/Downloads/Vivado/2020.2/data/ip/xilinx/gt_quad_base_v1_1/interfaces/gt_outclk_v1_0/gt_outclk_rtl.xml
WARNING: [IP_Flow 19-395] Problem validating against XML schema: see 'spirit:vendor' : Mandatory element missing or unexpected element found
WARNING: [IP_Flow 19-1694] Ignoring duplicate Bus Definition IP file 'xilinx.com:signal:gt_refclk:1.0' found within IP repository 'C:/Users/pedro/Downloads/Vivado/2020.2/data/ip'.
File in use: c:/Users/pedro/Downloads/Vivado/2020.2/data/ip/xilinx/gt_quad_base_v1_0/interfaces/gt_refclk_v1_0/gt_refclk.xml
File ignored: c:/Users/pedro/Downloads/Vivado/2020.2/data/ip/xilinx/gt_quad_base_v1_1/interfaces/gt_refclk_v1_0/gt_refclk.xml
WARNING: [IP_Flow 19-1694] Ignoring duplicate Bus Abstraction IP file 'xilinx.com:signal:gt_refclk_rtl:1.0' found within IP repository 'C:/Users/pedro/Downloads/Vivado/2020.2/data/ip'.
File in use: c:/Users/pedro/Downloads/Vivado/2020.2/data/ip/xilinx/gt_quad_base_v1_0/interfaces/gt_refclk_v1_0/gt_refclk_rtl.xml
File ignored: c:/Users/pedro/Downloads/Vivado/2020.2/data/ip/xilinx/gt_quad_base_v1_1/interfaces/gt_refclk_v1_0/gt_refclk_rtl.xml
WARNING: [IP_Flow 19-1694] Ignoring duplicate Bus Definition IP file 'xilinx.com:interface:gt_rxmargin_intf:1.0' found within IP repository 'C:/Users/pedro/Downloads/Vivado/2020.2/data/ip'.
File in use: c:/Users/pedro/Downloads/Vivado/2020.2/data/ip/xilinx/gt_quad_base_v1_0/interfaces/gt_rxmargin_intf_v1_0/gt_rxmargin_intf.xml
File ignored: c:/Users/pedro/Downloads/Vivado/2020.2/data/ip/xilinx/gt_quad_base_v1_1/interfaces/gt_rxmargin_intf_v1_0/gt_rxmargin_intf.xml
WARNING: [IP_Flow 19-1694] Ignoring duplicate Bus Abstraction IP file 'xilinx.com:interface:gt_rxmargin_intf_rtl:1.0' found within IP repository 'C:/Users/pedro/Downloads/Vivado/2020.2/data/ip'.
File in use: c:/Users/pedro/Downloads/Vivado/2020.2/data/ip/xilinx/gt_quad_base_v1_0/interfaces/gt_rxmargin_intf_v1_0/gt_rxmargin_intf_rtl.xml
File ignored: c:/Users/pedro/Downloads/Vivado/2020.2/data/ip/xilinx/gt_quad_base_v1_1/interfaces/gt_rxmargin_intf_v1_0/gt_rxmargin_intf_rtl.xml
WARNING: [IP_Flow 19-395] Problem validating against XML schema: see 'spirit:vendor' : Mandatory element missing or unexpected element found
WARNING: [IP_Flow 19-1694] Ignoring duplicate Bus Definition IP file 'xilinx.com:interface:gt_rx_interface:1.0' found within IP repository 'C:/Users/pedro/Downloads/Vivado/2020.2/data/ip'.
File in use: c:/Users/pedro/Downloads/Vivado/2020.2/data/ip/interfaces/gt_rx_interface_v1_0/gt_rx_interface.xml
File ignored: c:/Users/pedro/Downloads/Vivado/2020.2/data/ip/xilinx/gt_quad_base_v1_1/interfaces/gt_rx_interface_v1_0/gt_rx_interface.xml
WARNING: [IP_Flow 19-1694] Ignoring duplicate Bus Abstraction IP file 'xilinx.com:interface:gt_rx_interface_rtl:1.0' found within IP repository 'C:/Users/pedro/Downloads/Vivado/2020.2/data/ip'.
File in use: c:/Users/pedro/Downloads/Vivado/2020.2/data/ip/interfaces/gt_rx_interface_v1_0/gt_rx_interface_rtl.xml
File ignored: c:/Users/pedro/Downloads/Vivado/2020.2/data/ip/xilinx/gt_quad_base_v1_1/interfaces/gt_rx_interface_v1_0/gt_rx_interface_rtl.xml
WARNING: [IP_Flow 19-395] Problem validating against XML schema: see 'spirit:vendor' : Mandatory element missing or unexpected element found
WARNING: [IP_Flow 19-1694] Ignoring duplicate Bus Definition IP file 'xilinx.com:interface:gt_tx_interface:1.0' found within IP repository 'C:/Users/pedro/Downloads/Vivado/2020.2/data/ip'.
File in use: c:/Users/pedro/Downloads/Vivado/2020.2/data/ip/interfaces/gt_tx_interface_v1_0/gt_tx_interface.xml
File ignored: c:/Users/pedro/Downloads/Vivado/2020.2/data/ip/xilinx/gt_quad_base_v1_1/interfaces/gt_tx_interface_v1_0/gt_tx_interface.xml
WARNING: [IP_Flow 19-1694] Ignoring duplicate Bus Abstraction IP file 'xilinx.com:interface:gt_tx_interface_rtl:1.0' found within IP repository 'C:/Users/pedro/Downloads/Vivado/2020.2/data/ip'.
File in use: c:/Users/pedro/Downloads/Vivado/2020.2/data/ip/interfaces/gt_tx_interface_v1_0/gt_tx_interface_rtl.xml
File ignored: c:/Users/pedro/Downloads/Vivado/2020.2/data/ip/xilinx/gt_quad_base_v1_1/interfaces/gt_tx_interface_v1_0/gt_tx_interface_rtl.xml
WARNING: [IP_Flow 19-395] Problem validating against XML schema: see 'spirit:vendor' : Mandatory element missing or unexpected element found
WARNING: [IP_Flow 19-1694] Ignoring duplicate Bus Definition IP file 'xilinx.com:signal:gt_usrclk:1.0' found within IP repository 'C:/Users/pedro/Downloads/Vivado/2020.2/data/ip'.
File in use: c:/Users/pedro/Downloads/Vivado/2020.2/data/ip/xilinx/gt_quad_base_v1_0/interfaces/gt_usrclk_v1_0/gt_usrclk.xml
File ignored: c:/Users/pedro/Downloads/Vivado/2020.2/data/ip/xilinx/gt_quad_base_v1_1/interfaces/gt_usrclk_v1_0/gt_usrclk.xml
WARNING: [IP_Flow 19-1694] Ignoring duplicate Bus Abstraction IP file 'xilinx.com:signal:gt_usrclk_rtl:1.0' found within IP repository 'C:/Users/pedro/Downloads/Vivado/2020.2/data/ip'.
File in use: c:/Users/pedro/Downloads/Vivado/2020.2/data/ip/xilinx/gt_quad_base_v1_0/interfaces/gt_usrclk_v1_0/gt_usrclk_rtl.xml
File ignored: c:/Users/pedro/Downloads/Vivado/2020.2/data/ip/xilinx/gt_quad_base_v1_1/interfaces/gt_usrclk_v1_0/gt_usrclk_rtl.xml
WARNING: [IP_Flow 19-1694] Ignoring duplicate Bus Definition IP file 'xilinx.com:display_high_speed_selectio_wiz:hssio_ctrl:1.0' found within IP repository 'C:/Users/pedro/Downloads/Vivado/2020.2/data/ip'.
File in use: c:/Users/pedro/Downloads/Vivado/2020.2/data/ip/xilinx/high_speed_selectio_wiz_v3_2/interfaces/hssio_ctrl.xml
File ignored: c:/Users/pedro/Downloads/Vivado/2020.2/data/ip/xilinx/high_speed_selectio_wiz_v3_3/interfaces/hssio_ctrl.xml
WARNING: [IP_Flow 19-1694] Ignoring duplicate Bus Abstraction IP file 'xilinx.com:display_high_speed_selectio_wiz:hssio_ctrl_rtl:1.0' found within IP repository 'C:/Users/pedro/Downloads/Vivado/2020.2/data/ip'.
File in use: c:/Users/pedro/Downloads/Vivado/2020.2/data/ip/xilinx/high_speed_selectio_wiz_v3_2/interfaces/hssio_ctrl_rtl.xml
File ignored: c:/Users/pedro/Downloads/Vivado/2020.2/data/ip/xilinx/high_speed_selectio_wiz_v3_3/interfaces/hssio_ctrl_rtl.xml
WARNING: [IP_Flow 19-1694] Ignoring duplicate Bus Definition IP file 'xilinx.com:display_high_speed_selectio_wiz:hssio_data_bidir:1.0' found within IP repository 'C:/Users/pedro/Downloads/Vivado/2020.2/data/ip'.
File in use: c:/Users/pedro/Downloads/Vivado/2020.2/data/ip/xilinx/high_speed_selectio_wiz_v3_2/interfaces/hssio_data_bidir.xml
File ignored: c:/Users/pedro/Downloads/Vivado/2020.2/data/ip/xilinx/high_speed_selectio_wiz_v3_3/interfaces/hssio_data_bidir.xml
WARNING: [IP_Flow 19-1694] Ignoring duplicate Bus Abstraction IP file 'xilinx.com:display_high_speed_selectio_wiz:hssio_data_bidir_rtl:1.0' found within IP repository 'C:/Users/pedro/Downloads/Vivado/2020.2/data/ip'.
File in use: c:/Users/pedro/Downloads/Vivado/2020.2/data/ip/xilinx/high_speed_selectio_wiz_v3_2/interfaces/hssio_data_bidir_rtl.xml
File ignored: c:/Users/pedro/Downloads/Vivado/2020.2/data/ip/xilinx/high_speed_selectio_wiz_v3_3/interfaces/hssio_data_bidir_rtl.xml
WARNING: [IP_Flow 19-1694] Ignoring duplicate Bus Definition IP file 'xilinx.com:display_high_speed_selectio_wiz:hssio_data_rx:1.0' found within IP repository 'C:/Users/pedro/Downloads/Vivado/2020.2/data/ip'.
File in use: c:/Users/pedro/Downloads/Vivado/2020.2/data/ip/xilinx/high_speed_selectio_wiz_v3_2/interfaces/hssio_data_rx.xml
File ignored: c:/Users/pedro/Downloads/Vivado/2020.2/data/ip/xilinx/high_speed_selectio_wiz_v3_3/interfaces/hssio_data_rx.xml
WARNING: [IP_Flow 19-1694] Ignoring duplicate Bus Abstraction IP file 'xilinx.com:display_high_speed_selectio_wiz:hssio_data_rx_rtl:1.0' found within IP repository 'C:/Users/pedro/Downloads/Vivado/2020.2/data/ip'.
File in use: c:/Users/pedro/Downloads/Vivado/2020.2/data/ip/xilinx/high_speed_selectio_wiz_v3_2/interfaces/hssio_data_rx_rtl.xml
File ignored: c:/Users/pedro/Downloads/Vivado/2020.2/data/ip/xilinx/high_speed_selectio_wiz_v3_3/interfaces/hssio_data_rx_rtl.xml
WARNING: [IP_Flow 19-1694] Ignoring duplicate Bus Definition IP file 'xilinx.com:display_high_speed_selectio_wiz:hssio_data_tx:1.0' found within IP repository 'C:/Users/pedro/Downloads/Vivado/2020.2/data/ip'.
File in use: c:/Users/pedro/Downloads/Vivado/2020.2/data/ip/xilinx/high_speed_selectio_wiz_v3_2/interfaces/hssio_data_tx.xml
File ignored: c:/Users/pedro/Downloads/Vivado/2020.2/data/ip/xilinx/high_speed_selectio_wiz_v3_3/interfaces/hssio_data_tx.xml
WARNING: [IP_Flow 19-1694] Ignoring duplicate Bus Abstraction IP file 'xilinx.com:display_high_speed_selectio_wiz:hssio_data_tx_rtl:1.0' found within IP repository 'C:/Users/pedro/Downloads/Vivado/2020.2/data/ip'.
File in use: c:/Users/pedro/Downloads/Vivado/2020.2/data/ip/xilinx/high_speed_selectio_wiz_v3_2/interfaces/hssio_data_tx_rtl.xml
File ignored: c:/Users/pedro/Downloads/Vivado/2020.2/data/ip/xilinx/high_speed_selectio_wiz_v3_3/interfaces/hssio_data_tx_rtl.xml
WARNING: [IP_Flow 19-1694] Ignoring duplicate Bus Definition IP file 'xilinx.com:display_high_speed_selectio_wiz:hssio_fab_to_ip:1.0' found within IP repository 'C:/Users/pedro/Downloads/Vivado/2020.2/data/ip'.
File in use: c:/Users/pedro/Downloads/Vivado/2020.2/data/ip/xilinx/high_speed_selectio_wiz_v3_2/interfaces/hssio_fab_to_ip.xml
File ignored: c:/Users/pedro/Downloads/Vivado/2020.2/data/ip/xilinx/high_speed_selectio_wiz_v3_3/interfaces/hssio_fab_to_ip.xml
WARNING: [IP_Flow 19-1694] Ignoring duplicate Bus Abstraction IP file 'xilinx.com:display_high_speed_selectio_wiz:hssio_fab_to_ip_rtl:1.0' found within IP repository 'C:/Users/pedro/Downloads/Vivado/2020.2/data/ip'.
File in use: c:/Users/pedro/Downloads/Vivado/2020.2/data/ip/xilinx/high_speed_selectio_wiz_v3_2/interfaces/hssio_fab_to_ip_rtl.xml
File ignored: c:/Users/pedro/Downloads/Vivado/2020.2/data/ip/xilinx/high_speed_selectio_wiz_v3_3/interfaces/hssio_fab_to_ip_rtl.xml
WARNING: [IP_Flow 19-1694] Ignoring duplicate Bus Definition IP file 'xilinx.com:display_high_speed_selectio_wiz:hssio_ip_to_pins:1.0' found within IP repository 'C:/Users/pedro/Downloads/Vivado/2020.2/data/ip'.
File in use: c:/Users/pedro/Downloads/Vivado/2020.2/data/ip/xilinx/high_speed_selectio_wiz_v3_2/interfaces/hssio_ip_to_pins.xml
File ignored: c:/Users/pedro/Downloads/Vivado/2020.2/data/ip/xilinx/high_speed_selectio_wiz_v3_3/interfaces/hssio_ip_to_pins.xml
WARNING: [IP_Flow 19-1694] Ignoring duplicate Bus Abstraction IP file 'xilinx.com:display_high_speed_selectio_wiz:hssio_ip_to_pins_rtl:1.0' found within IP repository 'C:/Users/pedro/Downloads/Vivado/2020.2/data/ip'.
File in use: c:/Users/pedro/Downloads/Vivado/2020.2/data/ip/xilinx/high_speed_selectio_wiz_v3_2/interfaces/hssio_ip_to_pins_rtl.xml
File ignored: c:/Users/pedro/Downloads/Vivado/2020.2/data/ip/xilinx/high_speed_selectio_wiz_v3_3/interfaces/hssio_ip_to_pins_rtl.xml
WARNING: [IP_Flow 19-1694] Ignoring duplicate Bus Definition IP file 'xilinx.com:display_high_speed_selectio_wiz:hssio_ctrl:1.0' found within IP repository 'C:/Users/pedro/Downloads/Vivado/2020.2/data/ip'.
File in use: c:/Users/pedro/Downloads/Vivado/2020.2/data/ip/xilinx/high_speed_selectio_wiz_v3_2/interfaces/hssio_ctrl.xml
File ignored: c:/Users/pedro/Downloads/Vivado/2020.2/data/ip/xilinx/high_speed_selectio_wiz_v3_4/interfaces/hssio_ctrl.xml
WARNING: [IP_Flow 19-1694] Ignoring duplicate Bus Abstraction IP file 'xilinx.com:display_high_speed_selectio_wiz:hssio_ctrl_rtl:1.0' found within IP repository 'C:/Users/pedro/Downloads/Vivado/2020.2/data/ip'.
File in use: c:/Users/pedro/Downloads/Vivado/2020.2/data/ip/xilinx/high_speed_selectio_wiz_v3_2/interfaces/hssio_ctrl_rtl.xml
File ignored: c:/Users/pedro/Downloads/Vivado/2020.2/data/ip/xilinx/high_speed_selectio_wiz_v3_4/interfaces/hssio_ctrl_rtl.xml
WARNING: [IP_Flow 19-1694] Ignoring duplicate Bus Definition IP file 'xilinx.com:display_high_speed_selectio_wiz:hssio_data_bidir:1.0' found within IP repository 'C:/Users/pedro/Downloads/Vivado/2020.2/data/ip'.
File in use: c:/Users/pedro/Downloads/Vivado/2020.2/data/ip/xilinx/high_speed_selectio_wiz_v3_2/interfaces/hssio_data_bidir.xml
File ignored: c:/Users/pedro/Downloads/Vivado/2020.2/data/ip/xilinx/high_speed_selectio_wiz_v3_4/interfaces/hssio_data_bidir.xml
WARNING: [IP_Flow 19-1694] Ignoring duplicate Bus Abstraction IP file 'xilinx.com:display_high_speed_selectio_wiz:hssio_data_bidir_rtl:1.0' found within IP repository 'C:/Users/pedro/Downloads/Vivado/2020.2/data/ip'.
File in use: c:/Users/pedro/Downloads/Vivado/2020.2/data/ip/xilinx/high_speed_selectio_wiz_v3_2/interfaces/hssio_data_bidir_rtl.xml
File ignored: c:/Users/pedro/Downloads/Vivado/2020.2/data/ip/xilinx/high_speed_selectio_wiz_v3_4/interfaces/hssio_data_bidir_rtl.xml
WARNING: [IP_Flow 19-1694] Ignoring duplicate Bus Definition IP file 'xilinx.com:display_high_speed_selectio_wiz:hssio_data_rx:1.0' found within IP repository 'C:/Users/pedro/Downloads/Vivado/2020.2/data/ip'.
File in use: c:/Users/pedro/Downloads/Vivado/2020.2/data/ip/xilinx/high_speed_selectio_wiz_v3_2/interfaces/hssio_data_rx.xml
File ignored: c:/Users/pedro/Downloads/Vivado/2020.2/data/ip/xilinx/high_speed_selectio_wiz_v3_4/interfaces/hssio_data_rx.xml
WARNING: [IP_Flow 19-1694] Ignoring duplicate Bus Abstraction IP file 'xilinx.com:display_high_speed_selectio_wiz:hssio_data_rx_rtl:1.0' found within IP repository 'C:/Users/pedro/Downloads/Vivado/2020.2/data/ip'.
File in use: c:/Users/pedro/Downloads/Vivado/2020.2/data/ip/xilinx/high_speed_selectio_wiz_v3_2/interfaces/hssio_data_rx_rtl.xml
File ignored: c:/Users/pedro/Downloads/Vivado/2020.2/data/ip/xilinx/high_speed_selectio_wiz_v3_4/interfaces/hssio_data_rx_rtl.xml
WARNING: [IP_Flow 19-1694] Ignoring duplicate Bus Definition IP file 'xilinx.com:display_high_speed_selectio_wiz:hssio_data_tx:1.0' found within IP repository 'C:/Users/pedro/Downloads/Vivado/2020.2/data/ip'.
File in use: c:/Users/pedro/Downloads/Vivado/2020.2/data/ip/xilinx/high_speed_selectio_wiz_v3_2/interfaces/hssio_data_tx.xml
File ignored: c:/Users/pedro/Downloads/Vivado/2020.2/data/ip/xilinx/high_speed_selectio_wiz_v3_4/interfaces/hssio_data_tx.xml
WARNING: [IP_Flow 19-1694] Ignoring duplicate Bus Abstraction IP file 'xilinx.com:display_high_speed_selectio_wiz:hssio_data_tx_rtl:1.0' found within IP repository 'C:/Users/pedro/Downloads/Vivado/2020.2/data/ip'.
File in use: c:/Users/pedro/Downloads/Vivado/2020.2/data/ip/xilinx/high_speed_selectio_wiz_v3_2/interfaces/hssio_data_tx_rtl.xml
File ignored: c:/Users/pedro/Downloads/Vivado/2020.2/data/ip/xilinx/high_speed_selectio_wiz_v3_4/interfaces/hssio_data_tx_rtl.xml
WARNING: [IP_Flow 19-1694] Ignoring duplicate Bus Definition IP file 'xilinx.com:display_high_speed_selectio_wiz:hssio_fab_to_ip:1.0' found within IP repository 'C:/Users/pedro/Downloads/Vivado/2020.2/data/ip'.
File in use: c:/Users/pedro/Downloads/Vivado/2020.2/data/ip/xilinx/high_speed_selectio_wiz_v3_2/interfaces/hssio_fab_to_ip.xml
File ignored: c:/Users/pedro/Downloads/Vivado/2020.2/data/ip/xilinx/high_speed_selectio_wiz_v3_4/interfaces/hssio_fab_to_ip.xml
WARNING: [IP_Flow 19-1694] Ignoring duplicate Bus Abstraction IP file 'xilinx.com:display_high_speed_selectio_wiz:hssio_fab_to_ip_rtl:1.0' found within IP repository 'C:/Users/pedro/Downloads/Vivado/2020.2/data/ip'.
File in use: c:/Users/pedro/Downloads/Vivado/2020.2/data/ip/xilinx/high_speed_selectio_wiz_v3_2/interfaces/hssio_fab_to_ip_rtl.xml
File ignored: c:/Users/pedro/Downloads/Vivado/2020.2/data/ip/xilinx/high_speed_selectio_wiz_v3_4/interfaces/hssio_fab_to_ip_rtl.xml
WARNING: [IP_Flow 19-1694] Ignoring duplicate Bus Definition IP file 'xilinx.com:display_high_speed_selectio_wiz:hssio_ip_to_pins:1.0' found within IP repository 'C:/Users/pedro/Downloads/Vivado/2020.2/data/ip'.
File in use: c:/Users/pedro/Downloads/Vivado/2020.2/data/ip/xilinx/high_speed_selectio_wiz_v3_2/interfaces/hssio_ip_to_pins.xml
File ignored: c:/Users/pedro/Downloads/Vivado/2020.2/data/ip/xilinx/high_speed_selectio_wiz_v3_4/interfaces/hssio_ip_to_pins.xml
WARNING: [IP_Flow 19-1694] Ignoring duplicate Bus Abstraction IP file 'xilinx.com:display_high_speed_selectio_wiz:hssio_ip_to_pins_rtl:1.0' found within IP repository 'C:/Users/pedro/Downloads/Vivado/2020.2/data/ip'.
File in use: c:/Users/pedro/Downloads/Vivado/2020.2/data/ip/xilinx/high_speed_selectio_wiz_v3_2/interfaces/hssio_ip_to_pins_rtl.xml
File ignored: c:/Users/pedro/Downloads/Vivado/2020.2/data/ip/xilinx/high_speed_selectio_wiz_v3_4/interfaces/hssio_ip_to_pins_rtl.xml
WARNING: [IP_Flow 19-1694] Ignoring duplicate Bus Definition IP file 'xilinx.com:display_high_speed_selectio_wiz:hssio_ctrl:1.0' found within IP repository 'C:/Users/pedro/Downloads/Vivado/2020.2/data/ip'.
File in use: c:/Users/pedro/Downloads/Vivado/2020.2/data/ip/xilinx/high_speed_selectio_wiz_v3_2/interfaces/hssio_ctrl.xml
File ignored: c:/Users/pedro/Downloads/Vivado/2020.2/data/ip/xilinx/high_speed_selectio_wiz_v3_5/interfaces/hssio_ctrl.xml
WARNING: [IP_Flow 19-1694] Ignoring duplicate Bus Abstraction IP file 'xilinx.com:display_high_speed_selectio_wiz:hssio_ctrl_rtl:1.0' found within IP repository 'C:/Users/pedro/Downloads/Vivado/2020.2/data/ip'.
File in use: c:/Users/pedro/Downloads/Vivado/2020.2/data/ip/xilinx/high_speed_selectio_wiz_v3_2/interfaces/hssio_ctrl_rtl.xml
File ignored: c:/Users/pedro/Downloads/Vivado/2020.2/data/ip/xilinx/high_speed_selectio_wiz_v3_5/interfaces/hssio_ctrl_rtl.xml
WARNING: [IP_Flow 19-1694] Ignoring duplicate Bus Definition IP file 'xilinx.com:display_high_speed_selectio_wiz:hssio_data_bidir:1.0' found within IP repository 'C:/Users/pedro/Downloads/Vivado/2020.2/data/ip'.
File in use: c:/Users/pedro/Downloads/Vivado/2020.2/data/ip/xilinx/high_speed_selectio_wiz_v3_2/interfaces/hssio_data_bidir.xml
File ignored: c:/Users/pedro/Downloads/Vivado/2020.2/data/ip/xilinx/high_speed_selectio_wiz_v3_5/interfaces/hssio_data_bidir.xml
WARNING: [IP_Flow 19-1694] Ignoring duplicate Bus Abstraction IP file 'xilinx.com:display_high_speed_selectio_wiz:hssio_data_bidir_rtl:1.0' found within IP repository 'C:/Users/pedro/Downloads/Vivado/2020.2/data/ip'.
File in use: c:/Users/pedro/Downloads/Vivado/2020.2/data/ip/xilinx/high_speed_selectio_wiz_v3_2/interfaces/hssio_data_bidir_rtl.xml
File ignored: c:/Users/pedro/Downloads/Vivado/2020.2/data/ip/xilinx/high_speed_selectio_wiz_v3_5/interfaces/hssio_data_bidir_rtl.xml
WARNING: [IP_Flow 19-1694] Ignoring duplicate Bus Definition IP file 'xilinx.com:display_high_speed_selectio_wiz:hssio_data_rx:1.0' found within IP repository 'C:/Users/pedro/Downloads/Vivado/2020.2/data/ip'.
File in use: c:/Users/pedro/Downloads/Vivado/2020.2/data/ip/xilinx/high_speed_selectio_wiz_v3_2/interfaces/hssio_data_rx.xml
File ignored: c:/Users/pedro/Downloads/Vivado/2020.2/data/ip/xilinx/high_speed_selectio_wiz_v3_5/interfaces/hssio_data_rx.xml
WARNING: [IP_Flow 19-1694] Ignoring duplicate Bus Abstraction IP file 'xilinx.com:display_high_speed_selectio_wiz:hssio_data_rx_rtl:1.0' found within IP repository 'C:/Users/pedro/Downloads/Vivado/2020.2/data/ip'.
File in use: c:/Users/pedro/Downloads/Vivado/2020.2/data/ip/xilinx/high_speed_selectio_wiz_v3_2/interfaces/hssio_data_rx_rtl.xml
File ignored: c:/Users/pedro/Downloads/Vivado/2020.2/data/ip/xilinx/high_speed_selectio_wiz_v3_5/interfaces/hssio_data_rx_rtl.xml
WARNING: [IP_Flow 19-1694] Ignoring duplicate Bus Definition IP file 'xilinx.com:display_high_speed_selectio_wiz:hssio_data_tx:1.0' found within IP repository 'C:/Users/pedro/Downloads/Vivado/2020.2/data/ip'.
File in use: c:/Users/pedro/Downloads/Vivado/2020.2/data/ip/xilinx/high_speed_selectio_wiz_v3_2/interfaces/hssio_data_tx.xml
File ignored: c:/Users/pedro/Downloads/Vivado/2020.2/data/ip/xilinx/high_speed_selectio_wiz_v3_5/interfaces/hssio_data_tx.xml
WARNING: [IP_Flow 19-1694] Ignoring duplicate Bus Abstraction IP file 'xilinx.com:display_high_speed_selectio_wiz:hssio_data_tx_rtl:1.0' found within IP repository 'C:/Users/pedro/Downloads/Vivado/2020.2/data/ip'.
File in use: c:/Users/pedro/Downloads/Vivado/2020.2/data/ip/xilinx/high_speed_selectio_wiz_v3_2/interfaces/hssio_data_tx_rtl.xml
File ignored: c:/Users/pedro/Downloads/Vivado/2020.2/data/ip/xilinx/high_speed_selectio_wiz_v3_5/interfaces/hssio_data_tx_rtl.xml
WARNING: [IP_Flow 19-1694] Ignoring duplicate Bus Definition IP file 'xilinx.com:display_high_speed_selectio_wiz:hssio_fab_to_ip:1.0' found within IP repository 'C:/Users/pedro/Downloads/Vivado/2020.2/data/ip'.
File in use: c:/Users/pedro/Downloads/Vivado/2020.2/data/ip/xilinx/high_speed_selectio_wiz_v3_2/interfaces/hssio_fab_to_ip.xml
File ignored: c:/Users/pedro/Downloads/Vivado/2020.2/data/ip/xilinx/high_speed_selectio_wiz_v3_5/interfaces/hssio_fab_to_ip.xml
WARNING: [IP_Flow 19-1694] Ignoring duplicate Bus Abstraction IP file 'xilinx.com:display_high_speed_selectio_wiz:hssio_fab_to_ip_rtl:1.0' found within IP repository 'C:/Users/pedro/Downloads/Vivado/2020.2/data/ip'.
File in use: c:/Users/pedro/Downloads/Vivado/2020.2/data/ip/xilinx/high_speed_selectio_wiz_v3_2/interfaces/hssio_fab_to_ip_rtl.xml
File ignored: c:/Users/pedro/Downloads/Vivado/2020.2/data/ip/xilinx/high_speed_selectio_wiz_v3_5/interfaces/hssio_fab_to_ip_rtl.xml
WARNING: [IP_Flow 19-1694] Ignoring duplicate Bus Definition IP file 'xilinx.com:display_high_speed_selectio_wiz:hssio_ip_to_pins:1.0' found within IP repository 'C:/Users/pedro/Downloads/Vivado/2020.2/data/ip'.
File in use: c:/Users/pedro/Downloads/Vivado/2020.2/data/ip/xilinx/high_speed_selectio_wiz_v3_2/interfaces/hssio_ip_to_pins.xml
File ignored: c:/Users/pedro/Downloads/Vivado/2020.2/data/ip/xilinx/high_speed_selectio_wiz_v3_5/interfaces/hssio_ip_to_pins.xml
WARNING: [IP_Flow 19-1694] Ignoring duplicate Bus Abstraction IP file 'xilinx.com:display_high_speed_selectio_wiz:hssio_ip_to_pins_rtl:1.0' found within IP repository 'C:/Users/pedro/Downloads/Vivado/2020.2/data/ip'.
File in use: c:/Users/pedro/Downloads/Vivado/2020.2/data/ip/xilinx/high_speed_selectio_wiz_v3_2/interfaces/hssio_ip_to_pins_rtl.xml
File ignored: c:/Users/pedro/Downloads/Vivado/2020.2/data/ip/xilinx/high_speed_selectio_wiz_v3_5/interfaces/hssio_ip_to_pins_rtl.xml
WARNING: [IP_Flow 19-1694] Ignoring duplicate Bus Definition IP file 'xilinx.com:display_high_speed_selectio_wiz:hssio_ctrl:1.0' found within IP repository 'C:/Users/pedro/Downloads/Vivado/2020.2/data/ip'.
File in use: c:/Users/pedro/Downloads/Vivado/2020.2/data/ip/xilinx/high_speed_selectio_wiz_v3_2/interfaces/hssio_ctrl.xml
File ignored: c:/Users/pedro/Downloads/Vivado/2020.2/data/ip/xilinx/high_speed_selectio_wiz_v3_6/interfaces/hssio_ctrl.xml
WARNING: [IP_Flow 19-1694] Ignoring duplicate Bus Abstraction IP file 'xilinx.com:display_high_speed_selectio_wiz:hssio_ctrl_rtl:1.0' found within IP repository 'C:/Users/pedro/Downloads/Vivado/2020.2/data/ip'.
File in use: c:/Users/pedro/Downloads/Vivado/2020.2/data/ip/xilinx/high_speed_selectio_wiz_v3_2/interfaces/hssio_ctrl_rtl.xml
File ignored: c:/Users/pedro/Downloads/Vivado/2020.2/data/ip/xilinx/high_speed_selectio_wiz_v3_6/interfaces/hssio_ctrl_rtl.xml
WARNING: [IP_Flow 19-1694] Ignoring duplicate Bus Definition IP file 'xilinx.com:display_high_speed_selectio_wiz:hssio_data_bidir:1.0' found within IP repository 'C:/Users/pedro/Downloads/Vivado/2020.2/data/ip'.
File in use: c:/Users/pedro/Downloads/Vivado/2020.2/data/ip/xilinx/high_speed_selectio_wiz_v3_2/interfaces/hssio_data_bidir.xml
File ignored: c:/Users/pedro/Downloads/Vivado/2020.2/data/ip/xilinx/high_speed_selectio_wiz_v3_6/interfaces/hssio_data_bidir.xml
WARNING: [IP_Flow 19-1694] Ignoring duplicate Bus Abstraction IP file 'xilinx.com:display_high_speed_selectio_wiz:hssio_data_bidir_rtl:1.0' found within IP repository 'C:/Users/pedro/Downloads/Vivado/2020.2/data/ip'.
File in use: c:/Users/pedro/Downloads/Vivado/2020.2/data/ip/xilinx/high_speed_selectio_wiz_v3_2/interfaces/hssio_data_bidir_rtl.xml
File ignored: c:/Users/pedro/Downloads/Vivado/2020.2/data/ip/xilinx/high_speed_selectio_wiz_v3_6/interfaces/hssio_data_bidir_rtl.xml
WARNING: [IP_Flow 19-1694] Ignoring duplicate Bus Definition IP file 'xilinx.com:display_high_speed_selectio_wiz:hssio_data_rx:1.0' found within IP repository 'C:/Users/pedro/Downloads/Vivado/2020.2/data/ip'.
File in use: c:/Users/pedro/Downloads/Vivado/2020.2/data/ip/xilinx/high_speed_selectio_wiz_v3_2/interfaces/hssio_data_rx.xml
File ignored: c:/Users/pedro/Downloads/Vivado/2020.2/data/ip/xilinx/high_speed_selectio_wiz_v3_6/interfaces/hssio_data_rx.xml
WARNING: [IP_Flow 19-1694] Ignoring duplicate Bus Abstraction IP file 'xilinx.com:display_high_speed_selectio_wiz:hssio_data_rx_rtl:1.0' found within IP repository 'C:/Users/pedro/Downloads/Vivado/2020.2/data/ip'.
File in use: c:/Users/pedro/Downloads/Vivado/2020.2/data/ip/xilinx/high_speed_selectio_wiz_v3_2/interfaces/hssio_data_rx_rtl.xml
File ignored: c:/Users/pedro/Downloads/Vivado/2020.2/data/ip/xilinx/high_speed_selectio_wiz_v3_6/interfaces/hssio_data_rx_rtl.xml
WARNING: [IP_Flow 19-1694] Ignoring duplicate Bus Definition IP file 'xilinx.com:display_high_speed_selectio_wiz:hssio_data_tx:1.0' found within IP repository 'C:/Users/pedro/Downloads/Vivado/2020.2/data/ip'.
File in use: c:/Users/pedro/Downloads/Vivado/2020.2/data/ip/xilinx/high_speed_selectio_wiz_v3_2/interfaces/hssio_data_tx.xml
File ignored: c:/Users/pedro/Downloads/Vivado/2020.2/data/ip/xilinx/high_speed_selectio_wiz_v3_6/interfaces/hssio_data_tx.xml
WARNING: [IP_Flow 19-1694] Ignoring duplicate Bus Abstraction IP file 'xilinx.com:display_high_speed_selectio_wiz:hssio_data_tx_rtl:1.0' found within IP repository 'C:/Users/pedro/Downloads/Vivado/2020.2/data/ip'.
File in use: c:/Users/pedro/Downloads/Vivado/2020.2/data/ip/xilinx/high_speed_selectio_wiz_v3_2/interfaces/hssio_data_tx_rtl.xml
File ignored: c:/Users/pedro/Downloads/Vivado/2020.2/data/ip/xilinx/high_speed_selectio_wiz_v3_6/interfaces/hssio_data_tx_rtl.xml
WARNING: [IP_Flow 19-1694] Ignoring duplicate Bus Definition IP file 'xilinx.com:display_high_speed_selectio_wiz:hssio_fab_to_ip:1.0' found within IP repository 'C:/Users/pedro/Downloads/Vivado/2020.2/data/ip'.
File in use: c:/Users/pedro/Downloads/Vivado/2020.2/data/ip/xilinx/high_speed_selectio_wiz_v3_2/interfaces/hssio_fab_to_ip.xml
File ignored: c:/Users/pedro/Downloads/Vivado/2020.2/data/ip/xilinx/high_speed_selectio_wiz_v3_6/interfaces/hssio_fab_to_ip.xml
WARNING: [IP_Flow 19-1694] Ignoring duplicate Bus Abstraction IP file 'xilinx.com:display_high_speed_selectio_wiz:hssio_fab_to_ip_rtl:1.0' found within IP repository 'C:/Users/pedro/Downloads/Vivado/2020.2/data/ip'.
File in use: c:/Users/pedro/Downloads/Vivado/2020.2/data/ip/xilinx/high_speed_selectio_wiz_v3_2/interfaces/hssio_fab_to_ip_rtl.xml
File ignored: c:/Users/pedro/Downloads/Vivado/2020.2/data/ip/xilinx/high_speed_selectio_wiz_v3_6/interfaces/hssio_fab_to_ip_rtl.xml
WARNING: [IP_Flow 19-1694] Ignoring duplicate Bus Definition IP file 'xilinx.com:display_high_speed_selectio_wiz:hssio_ip_to_pins:1.0' found within IP repository 'C:/Users/pedro/Downloads/Vivado/2020.2/data/ip'.
File in use: c:/Users/pedro/Downloads/Vivado/2020.2/data/ip/xilinx/high_speed_selectio_wiz_v3_2/interfaces/hssio_ip_to_pins.xml
File ignored: c:/Users/pedro/Downloads/Vivado/2020.2/data/ip/xilinx/high_speed_selectio_wiz_v3_6/interfaces/hssio_ip_to_pins.xml
WARNING: [IP_Flow 19-1694] Ignoring duplicate Bus Abstraction IP file 'xilinx.com:display_high_speed_selectio_wiz:hssio_ip_to_pins_rtl:1.0' found within IP repository 'C:/Users/pedro/Downloads/Vivado/2020.2/data/ip'.
File in use: c:/Users/pedro/Downloads/Vivado/2020.2/data/ip/xilinx/high_speed_selectio_wiz_v3_2/interfaces/hssio_ip_to_pins_rtl.xml
File ignored: c:/Users/pedro/Downloads/Vivado/2020.2/data/ip/xilinx/high_speed_selectio_wiz_v3_6/interfaces/hssio_ip_to_pins_rtl.xml
WARNING: [IP_Flow 19-1694] Ignoring duplicate Bus Definition IP file 'xilinx.com:display_jesd204:gt8_transceiver_debug:1.0' found within IP repository 'C:/Users/pedro/Downloads/Vivado/2020.2/data/ip'.
File in use: c:/Users/pedro/Downloads/Vivado/2020.2/data/ip/xilinx/jesd204_phy_v4_0/gt8_transceiver_debug.xml
File ignored: c:/Users/pedro/Downloads/Vivado/2020.2/data/ip/xilinx/jesd204_v7_2/gt8_transceiver_debug.xml
WARNING: [IP_Flow 19-1694] Ignoring duplicate Bus Abstraction IP file 'xilinx.com:display_jesd204:gt8_transceiver_debug_rtl:1.0' found within IP repository 'C:/Users/pedro/Downloads/Vivado/2020.2/data/ip'.
File in use: c:/Users/pedro/Downloads/Vivado/2020.2/data/ip/xilinx/jesd204_phy_v4_0/gt8_transceiver_debug_rtl.xml
File ignored: c:/Users/pedro/Downloads/Vivado/2020.2/data/ip/xilinx/jesd204_v7_2/gt8_transceiver_debug_rtl.xml
WARNING: [IP_Flow 19-1694] Ignoring duplicate Bus Definition IP file 'xilinx.com:display_jesd204:jesd204_phy_common_qpll_bus:1.0' found within IP repository 'C:/Users/pedro/Downloads/Vivado/2020.2/data/ip'.
File in use: c:/Users/pedro/Downloads/Vivado/2020.2/data/ip/xilinx/jesd204_phy_v4_0/jesd204_phy_common_qpll_bus.xml
File ignored: c:/Users/pedro/Downloads/Vivado/2020.2/data/ip/xilinx/jesd204_v7_2/jesd204_phy_common_qpll_bus.xml
WARNING: [IP_Flow 19-1694] Ignoring duplicate Bus Abstraction IP file 'xilinx.com:display_jesd204:jesd204_phy_common_qpll_bus_rtl:1.0' found within IP repository 'C:/Users/pedro/Downloads/Vivado/2020.2/data/ip'.
File in use: c:/Users/pedro/Downloads/Vivado/2020.2/data/ip/xilinx/jesd204_phy_v4_0/jesd204_phy_common_qpll_bus_rtl.xml
File ignored: c:/Users/pedro/Downloads/Vivado/2020.2/data/ip/xilinx/jesd204_v7_2/jesd204_phy_common_qpll_bus_rtl.xml
WARNING: [IP_Flow 19-395] Problem validating against XML schema: see 'spirit:port' : Mandatory element missing or unexpected element found
WARNING: [IP_Flow 19-1694] Ignoring duplicate Bus Definition IP file 'xilinx.com:display_pcie3_ultrascale:ext_shared_logic:1.0' found within IP repository 'C:/Users/pedro/Downloads/Vivado/2020.2/data/ip'.
File in use: c:/Users/pedro/Downloads/Vivado/2020.2/data/ip/xilinx/axi_pcie3_v3_0/interfaces/pcie3_us_ext_shared_logic.xml
File ignored: c:/Users/pedro/Downloads/Vivado/2020.2/data/ip/xilinx/pcie3_ultrascale_v4_4/interfaces/pcie3_us_ext_shared_logic.xml
WARNING: [IP_Flow 19-1694] Ignoring duplicate Bus Abstraction IP file 'xilinx.com:display_pcie3_ultrascale:ext_shared_logic_rtl:1.0' found within IP repository 'C:/Users/pedro/Downloads/Vivado/2020.2/data/ip'.
File in use: c:/Users/pedro/Downloads/Vivado/2020.2/data/ip/xilinx/axi_pcie3_v3_0/interfaces/pcie3_us_ext_shared_logic_rtl.xml
File ignored: c:/Users/pedro/Downloads/Vivado/2020.2/data/ip/xilinx/pcie3_ultrascale_v4_4/interfaces/pcie3_us_ext_shared_logic_rtl.xml
WARNING: [IP_Flow 19-1694] Ignoring duplicate Bus Definition IP file 'xilinx.com:display_pcie3_ultrascale:int_shared_logic:1.0' found within IP repository 'C:/Users/pedro/Downloads/Vivado/2020.2/data/ip'.
File in use: c:/Users/pedro/Downloads/Vivado/2020.2/data/ip/xilinx/axi_pcie3_v3_0/interfaces/pcie3_us_int_shared_logic.xml
File ignored: c:/Users/pedro/Downloads/Vivado/2020.2/data/ip/xilinx/pcie3_ultrascale_v4_4/interfaces/pcie3_us_int_shared_logic.xml
WARNING: [IP_Flow 19-1694] Ignoring duplicate Bus Abstraction IP file 'xilinx.com:display_pcie3_ultrascale:int_shared_logic_rtl:1.0' found within IP repository 'C:/Users/pedro/Downloads/Vivado/2020.2/data/ip'.
File in use: c:/Users/pedro/Downloads/Vivado/2020.2/data/ip/xilinx/axi_pcie3_v3_0/interfaces/pcie3_us_int_shared_logic_rtl.xml
File ignored: c:/Users/pedro/Downloads/Vivado/2020.2/data/ip/xilinx/pcie3_ultrascale_v4_4/interfaces/pcie3_us_int_shared_logic_rtl.xml
WARNING: [IP_Flow 19-1694] Ignoring duplicate Bus Definition IP file 'xilinx.com:display_pcie4:pcie4_cfg_control:1.0' found within IP repository 'C:/Users/pedro/Downloads/Vivado/2020.2/data/ip'.
File in use: c:/Users/pedro/Downloads/Vivado/2020.2/data/ip/xilinx/pcie4c_uscale_plus_v1_0/interfaces/pcie4_cfg_control.xml
File ignored: c:/Users/pedro/Downloads/Vivado/2020.2/data/ip/xilinx/pcie4_uscale_plus_v1_3/interfaces/pcie4_cfg_control.xml
WARNING: [IP_Flow 19-1694] Ignoring duplicate Bus Abstraction IP file 'xilinx.com:display_pcie4:pcie4_cfg_control_rtl:1.0' found within IP repository 'C:/Users/pedro/Downloads/Vivado/2020.2/data/ip'.
File in use: c:/Users/pedro/Downloads/Vivado/2020.2/data/ip/xilinx/pcie4c_uscale_plus_v1_0/interfaces/pcie4_cfg_control_rtl.xml
File ignored: c:/Users/pedro/Downloads/Vivado/2020.2/data/ip/xilinx/pcie4_uscale_plus_v1_3/interfaces/pcie4_cfg_control_rtl.xml
WARNING: [IP_Flow 19-1694] Ignoring duplicate Bus Definition IP file 'xilinx.com:display_pcie4:pcie4_cfg_external_msix:1.0' found within IP repository 'C:/Users/pedro/Downloads/Vivado/2020.2/data/ip'.
File in use: c:/Users/pedro/Downloads/Vivado/2020.2/data/ip/xilinx/pcie4c_uscale_plus_v1_0/interfaces/pcie4_cfg_ext_msix.xml
File ignored: c:/Users/pedro/Downloads/Vivado/2020.2/data/ip/xilinx/pcie4_uscale_plus_v1_3/interfaces/pcie4_cfg_ext_msix.xml
WARNING: [IP_Flow 19-1694] Ignoring duplicate Bus Abstraction IP file 'xilinx.com:display_pcie4:pcie4_cfg_external_msix_rtl:1.0' found within IP repository 'C:/Users/pedro/Downloads/Vivado/2020.2/data/ip'.
File in use: c:/Users/pedro/Downloads/Vivado/2020.2/data/ip/xilinx/pcie4c_uscale_plus_v1_0/interfaces/pcie4_cfg_ext_msix_rtl.xml
File ignored: c:/Users/pedro/Downloads/Vivado/2020.2/data/ip/xilinx/pcie4_uscale_plus_v1_3/interfaces/pcie4_cfg_ext_msix_rtl.xml
INFO: [Common 17-14] Message 'IP_Flow 19-1694' appears 100 times and further instances of the messages will be disabled. Use the Tcl command set_msg_config to change the current settings.
INFO: [IP_Flow 19-2313] Loaded Vivado IP repository 'C:/Users/pedro/Downloads/Vivado/2020.2/data/ip'.
INFO: [Timing 38-35] Done setting XDC timing constraints.
INFO: [DRC 23-27] Running DRC with 2 threads
INFO: [Coretcl 2-168] The results of DRC are in file C:/Users/pedro/OneDrive/Documentos/GitHub/PED1/Semana 14/Trabalho_7_Grupo_12/Trabalho_7_Grupo_12.runs/impl_1/main_counter_async_0toF_drc_opted.rpt.
report_drc completed successfully
report_drc: Time (s): cpu = 00:00:13 ; elapsed = 00:00:20 . Memory (MB): peak = 1565.027 ; gain = 138.316
Command: place_design
Attempting to get a license for feature 'Implementation' and/or device 'xc7a35t'
INFO: [Common 17-349] Got license for feature 'Implementation' and/or device 'xc7a35t'
INFO: [DRC 23-27] Running DRC with 2 threads
INFO: [Vivado_Tcl 4-198] DRC finished with 0 Errors
INFO: [Vivado_Tcl 4-199] Please refer to the DRC report (report_drc) for more information.
Running DRC as a precondition to command place_design
INFO: [DRC 23-27] Running DRC with 2 threads
INFO: [Vivado_Tcl 4-198] DRC finished with 0 Errors
INFO: [Vivado_Tcl 4-199] Please refer to the DRC report (report_drc) for more information.

Starting Placer Task
INFO: [Place 30-611] Multithreading enabled for place_design using a maximum of 2 CPUs

Phase 1 Placer Initialization

Phase 1.1 Placer Initialization Netlist Sorting
Netlist sorting complete. Time (s): cpu = 00:00:00 ; elapsed = 00:00:00 . Memory (MB): peak = 1565.035 ; gain = 0.000
Phase 1.1 Placer Initialization Netlist Sorting | Checksum: 13e6502d1

Time (s): cpu = 00:00:00 ; elapsed = 00:00:00.005 . Memory (MB): peak = 1565.035 ; gain = 0.000
Netlist sorting complete. Time (s): cpu = 00:00:00 ; elapsed = 00:00:00 . Memory (MB): peak = 1565.035 ; gain = 0.000

Phase 1.2 IO Placement/ Clock Placement/ Build Placer Device
WARNING: [Place 30-568] A LUT 'clock/s_i_2' is driving clock pin of 1 registers. This could lead to large hold time violations. First few involved registers are:
	ffA/s_reg {FDCE}
Phase 1.2 IO Placement/ Clock Placement/ Build Placer Device | Checksum: d7d4b069

Time (s): cpu = 00:00:01 ; elapsed = 00:00:00.328 . Memory (MB): peak = 1565.035 ; gain = 0.000

Phase 1.3 Build Placer Netlist Model
Phase 1.3 Build Placer Netlist Model | Checksum: 1aeaa7e3e

Time (s): cpu = 00:00:01 ; elapsed = 00:00:00.451 . Memory (MB): peak = 1565.035 ; gain = 0.000

Phase 1.4 Constrain Clocks/Macros
Phase 1.4 Constrain Clocks/Macros | Checksum: 1aeaa7e3e

Time (s): cpu = 00:00:01 ; elapsed = 00:00:00.454 . Memory (MB): peak = 1565.035 ; gain = 0.000
Phase 1 Placer Initialization | Checksum: 1aeaa7e3e

Time (s): cpu = 00:00:01 ; elapsed = 00:00:00.459 . Memory (MB): peak = 1565.035 ; gain = 0.000

Phase 2 Global Placement

Phase 2.1 Floorplanning
Phase 2.1 Floorplanning | Checksum: 1937cf17a

Time (s): cpu = 00:00:01 ; elapsed = 00:00:00.578 . Memory (MB): peak = 1565.035 ; gain = 0.000

Phase 2.2 Update Timing before SLR Path Opt
Phase 2.2 Update Timing before SLR Path Opt | Checksum: 1d0f68024

Time (s): cpu = 00:00:01 ; elapsed = 00:00:00.637 . Memory (MB): peak = 1565.035 ; gain = 0.000

Phase 2.3 Global Placement Core

Phase 2.3.1 Physical Synthesis In Placer
INFO: [Physopt 32-1044] Break lutnm for timing: one critical 0, two critical 0, total 0, new lutff created 0
INFO: [Physopt 32-775] End 1 Pass. Optimized 0 net or cell. Created 0 new cell, deleted 0 existing cell and moved 0 existing cell
INFO: [Physopt 32-65] No nets found for high-fanout optimization.
INFO: [Physopt 32-232] Optimized 0 net. Created 0 new instance.
INFO: [Physopt 32-775] End 1 Pass. Optimized 0 net or cell. Created 0 new cell, deleted 0 existing cell and moved 0 existing cell
INFO: [Physopt 32-670] No setup violation found.  DSP Register Optimization was not performed.
INFO: [Physopt 32-670] No setup violation found.  Shift Register to Pipeline Optimization was not performed.
INFO: [Physopt 32-670] No setup violation found.  Shift Register Optimization was not performed.
INFO: [Physopt 32-670] No setup violation found.  BRAM Register Optimization was not performed.
INFO: [Physopt 32-670] No setup violation found.  URAM Register Optimization was not performed.
INFO: [Physopt 32-949] No candidate nets found for dynamic/static region interface net replication
INFO: [Physopt 32-775] End 1 Pass. Optimized 0 net or cell. Created 0 new cell, deleted 0 existing cell and moved 0 existing cell
Netlist sorting complete. Time (s): cpu = 00:00:00 ; elapsed = 00:00:00 . Memory (MB): peak = 1565.035 ; gain = 0.000

Summary of Physical Synthesis Optimizations
============================================


-----------------------------------------------------------------------------------------------------------------------------------------------------------
|  Optimization                                     |  Added Cells  |  Removed Cells  |  Optimized Cells/Nets  |  Dont Touch  |  Iterations  |  Elapsed   |
-----------------------------------------------------------------------------------------------------------------------------------------------------------
|  LUT Combining                                    |            0  |              0  |                     0  |           0  |           1  |  00:00:00  |
|  Very High Fanout                                 |            0  |              0  |                     0  |           0  |           1  |  00:00:00  |
|  DSP Register                                     |            0  |              0  |                     0  |           0  |           0  |  00:00:00  |
|  Shift Register to Pipeline                       |            0  |              0  |                     0  |           0  |           0  |  00:00:00  |
|  Shift Register                                   |            0  |              0  |                     0  |           0  |           0  |  00:00:00  |
|  BRAM Register                                    |            0  |              0  |                     0  |           0  |           0  |  00:00:00  |
|  URAM Register                                    |            0  |              0  |                     0  |           0  |           0  |  00:00:00  |
|  Dynamic/Static Region Interface Net Replication  |            0  |              0  |                     0  |           0  |           1  |  00:00:00  |
|  Total                                            |            0  |              0  |                     0  |           0  |           3  |  00:00:00  |
-----------------------------------------------------------------------------------------------------------------------------------------------------------


Phase 2.3.1 Physical Synthesis In Placer | Checksum: de05f2e4

Time (s): cpu = 00:00:03 ; elapsed = 00:00:02 . Memory (MB): peak = 1565.035 ; gain = 0.000
Phase 2.3 Global Placement Core | Checksum: ff4df19c

Time (s): cpu = 00:00:03 ; elapsed = 00:00:02 . Memory (MB): peak = 1565.035 ; gain = 0.000
Phase 2 Global Placement | Checksum: ff4df19c

Time (s): cpu = 00:00:03 ; elapsed = 00:00:02 . Memory (MB): peak = 1565.035 ; gain = 0.000

Phase 3 Detail Placement

Phase 3.1 Commit Multi Column Macros
Phase 3.1 Commit Multi Column Macros | Checksum: 13dc58002

Time (s): cpu = 00:00:03 ; elapsed = 00:00:02 . Memory (MB): peak = 1565.035 ; gain = 0.000

Phase 3.2 Commit Most Macros & LUTRAMs
Phase 3.2 Commit Most Macros & LUTRAMs | Checksum: 10ff142bd

Time (s): cpu = 00:00:03 ; elapsed = 00:00:02 . Memory (MB): peak = 1565.035 ; gain = 0.000

Phase 3.3 Area Swap Optimization
Phase 3.3 Area Swap Optimization | Checksum: ed6af3dd

Time (s): cpu = 00:00:03 ; elapsed = 00:00:02 . Memory (MB): peak = 1565.035 ; gain = 0.000

Phase 3.4 Pipeline Register Optimization
Phase 3.4 Pipeline Register Optimization | Checksum: 1b2517390

Time (s): cpu = 00:00:03 ; elapsed = 00:00:02 . Memory (MB): peak = 1565.035 ; gain = 0.000

Phase 3.5 Small Shape Detail Placement
Phase 3.5 Small Shape Detail Placement | Checksum: 186d8bb9b

Time (s): cpu = 00:00:03 ; elapsed = 00:00:02 . Memory (MB): peak = 1565.035 ; gain = 0.000

Phase 3.6 Re-assign LUT pins
Phase 3.6 Re-assign LUT pins | Checksum: 186d8bb9b

Time (s): cpu = 00:00:03 ; elapsed = 00:00:02 . Memory (MB): peak = 1565.035 ; gain = 0.000

Phase 3.7 Pipeline Register Optimization
Phase 3.7 Pipeline Register Optimization | Checksum: 141c13bc6

Time (s): cpu = 00:00:03 ; elapsed = 00:00:02 . Memory (MB): peak = 1565.035 ; gain = 0.000
Phase 3 Detail Placement | Checksum: 141c13bc6

Time (s): cpu = 00:00:03 ; elapsed = 00:00:02 . Memory (MB): peak = 1565.035 ; gain = 0.000

Phase 4 Post Placement Optimization and Clean-Up

Phase 4.1 Post Commit Optimization
INFO: [Timing 38-35] Done setting XDC timing constraints.

Phase 4.1.1 Post Placement Optimization
Post Placement Optimization Initialization | Checksum: 6e7834c0

Phase 4.1.1.1 BUFG Insertion

Starting Physical Synthesis Task

Phase 1 Physical Synthesis Initialization
INFO: [Physopt 32-721] Multithreading enabled for phys_opt_design using a maximum of 2 CPUs
INFO: [Physopt 32-619] Estimated Timing Summary | WNS=5.045 | TNS=0.000 |
Phase 1 Physical Synthesis Initialization | Checksum: a8d1568c

Time (s): cpu = 00:00:00 ; elapsed = 00:00:00.014 . Memory (MB): peak = 1565.035 ; gain = 0.000
INFO: [Place 46-56] BUFG insertion identified 0 candidate nets. Inserted BUFG: 0, Replicated BUFG Driver: 0, Skipped due to Placement/Routing Conflicts: 0, Skipped due to Timing Degradation: 0, Skipped due to Illegal Netlist: 0.
Ending Physical Synthesis Task | Checksum: 9bb05d88

Time (s): cpu = 00:00:00 ; elapsed = 00:00:00.015 . Memory (MB): peak = 1565.035 ; gain = 0.000
Phase 4.1.1.1 BUFG Insertion | Checksum: 6e7834c0

Time (s): cpu = 00:00:03 ; elapsed = 00:00:02 . Memory (MB): peak = 1565.035 ; gain = 0.000
INFO: [Place 30-746] Post Placement Timing Summary WNS=5.045. For the most accurate timing information please run report_timing.

Time (s): cpu = 00:00:03 ; elapsed = 00:00:02 . Memory (MB): peak = 1565.035 ; gain = 0.000
Phase 4.1 Post Commit Optimization | Checksum: 5e873dc5

Time (s): cpu = 00:00:03 ; elapsed = 00:00:02 . Memory (MB): peak = 1565.035 ; gain = 0.000

Phase 4.2 Post Placement Cleanup
Phase 4.2 Post Placement Cleanup | Checksum: 5e873dc5

Time (s): cpu = 00:00:03 ; elapsed = 00:00:02 . Memory (MB): peak = 1565.035 ; gain = 0.000

Phase 4.3 Placer Reporting

Phase 4.3.1 Print Estimated Congestion
INFO: [Place 30-612] Post-Placement Estimated Congestion 
 ____________________________________________________
|           | Global Congestion | Short Congestion  |
| Direction | Region Size       | Region Size       |
|___________|___________________|___________________|
|      North|                1x1|                1x1|
|___________|___________________|___________________|
|      South|                1x1|                1x1|
|___________|___________________|___________________|
|       East|                1x1|                1x1|
|___________|___________________|___________________|
|       West|                1x1|                1x1|
|___________|___________________|___________________|

Phase 4.3.1 Print Estimated Congestion | Checksum: 5e873dc5

Time (s): cpu = 00:00:03 ; elapsed = 00:00:02 . Memory (MB): peak = 1565.035 ; gain = 0.000
Phase 4.3 Placer Reporting | Checksum: 5e873dc5

Time (s): cpu = 00:00:03 ; elapsed = 00:00:02 . Memory (MB): peak = 1565.035 ; gain = 0.000

Phase 4.4 Final Placement Cleanup
Netlist sorting complete. Time (s): cpu = 00:00:00 ; elapsed = 00:00:00 . Memory (MB): peak = 1565.035 ; gain = 0.000

Time (s): cpu = 00:00:03 ; elapsed = 00:00:02 . Memory (MB): peak = 1565.035 ; gain = 0.000
Phase 4 Post Placement Optimization and Clean-Up | Checksum: e9a8980e

Time (s): cpu = 00:00:03 ; elapsed = 00:00:02 . Memory (MB): peak = 1565.035 ; gain = 0.000
Ending Placer Task | Checksum: c241a845

Time (s): cpu = 00:00:03 ; elapsed = 00:00:02 . Memory (MB): peak = 1565.035 ; gain = 0.000
INFO: [Common 17-83] Releasing license: Implementation
61 Infos, 110 Warnings, 0 Critical Warnings and 0 Errors encountered.
place_design completed successfully
INFO: [Timing 38-480] Writing timing data to binary archive.
Writing placer database...
Writing XDEF routing.
Writing XDEF routing logical nets.
Writing XDEF routing special nets.
Write XDEF Complete: Time (s): cpu = 00:00:01 ; elapsed = 00:00:00.091 . Memory (MB): peak = 1565.035 ; gain = 0.000
INFO: [Common 17-1381] The checkpoint 'C:/Users/pedro/OneDrive/Documentos/GitHub/PED1/Semana 14/Trabalho_7_Grupo_12/Trabalho_7_Grupo_12.runs/impl_1/main_counter_async_0toF_placed.dcp' has been generated.
INFO: [runtcl-4] Executing : report_io -file main_counter_async_0toF_io_placed.rpt
report_io: Time (s): cpu = 00:00:00 ; elapsed = 00:00:00.038 . Memory (MB): peak = 1565.035 ; gain = 0.000
INFO: [runtcl-4] Executing : report_utilization -file main_counter_async_0toF_utilization_placed.rpt -pb main_counter_async_0toF_utilization_placed.pb
INFO: [runtcl-4] Executing : report_control_sets -verbose -file main_counter_async_0toF_control_sets_placed.rpt
report_control_sets: Time (s): cpu = 00:00:00 ; elapsed = 00:00:00.004 . Memory (MB): peak = 1565.035 ; gain = 0.000
Command: phys_opt_design
Attempting to get a license for feature 'Implementation' and/or device 'xc7a35t'
INFO: [Common 17-349] Got license for feature 'Implementation' and/or device 'xc7a35t'
INFO: [Vivado_Tcl 4-383] Design worst setup slack (WNS) is greater than or equal to 0.000 ns. Skipping all physical synthesis optimizations.
INFO: [Vivado_Tcl 4-232] No setup violation found. The netlist was not modified.
INFO: [Common 17-83] Releasing license: Implementation
70 Infos, 110 Warnings, 0 Critical Warnings and 0 Errors encountered.
phys_opt_design completed successfully
INFO: [Timing 38-480] Writing timing data to binary archive.
Writing placer database...
Writing XDEF routing.
Writing XDEF routing logical nets.
Writing XDEF routing special nets.
Write XDEF Complete: Time (s): cpu = 00:00:00 ; elapsed = 00:00:00.085 . Memory (MB): peak = 1565.035 ; gain = 0.000
INFO: [Common 17-1381] The checkpoint 'C:/Users/pedro/OneDrive/Documentos/GitHub/PED1/Semana 14/Trabalho_7_Grupo_12/Trabalho_7_Grupo_12.runs/impl_1/main_counter_async_0toF_physopt.dcp' has been generated.
Command: route_design
Attempting to get a license for feature 'Implementation' and/or device 'xc7a35t'
INFO: [Common 17-349] Got license for feature 'Implementation' and/or device 'xc7a35t'
Running DRC as a precondition to command route_design
INFO: [DRC 23-27] Running DRC with 2 threads
INFO: [Vivado_Tcl 4-198] DRC finished with 0 Errors
INFO: [Vivado_Tcl 4-199] Please refer to the DRC report (report_drc) for more information.


Starting Routing Task
INFO: [Route 35-254] Multithreading enabled for route_design using a maximum of 2 CPUs
Checksum: PlaceDB: 2a36edc0 ConstDB: 0 ShapeSum: 980aba85 RouteDB: 0

Phase 1 Build RT Design
Phase 1 Build RT Design | Checksum: 1931245c2

Time (s): cpu = 00:00:26 ; elapsed = 00:00:23 . Memory (MB): peak = 1669.078 ; gain = 93.984
Post Restoration Checksum: NetGraph: d83283da NumContArr: badfc1e8 Constraints: 0 Timing: 0

Phase 2 Router Initialization

Phase 2.1 Create Timer
Phase 2.1 Create Timer | Checksum: 1931245c2

Time (s): cpu = 00:00:26 ; elapsed = 00:00:23 . Memory (MB): peak = 1669.078 ; gain = 93.984

Phase 2.2 Fix Topology Constraints
Phase 2.2 Fix Topology Constraints | Checksum: 1931245c2

Time (s): cpu = 00:00:26 ; elapsed = 00:00:23 . Memory (MB): peak = 1675.082 ; gain = 99.988

Phase 2.3 Pre Route Cleanup
Phase 2.3 Pre Route Cleanup | Checksum: 1931245c2

Time (s): cpu = 00:00:26 ; elapsed = 00:00:23 . Memory (MB): peak = 1675.082 ; gain = 99.988
 Number of Nodes with overlaps = 0

Phase 2.4 Update Timing
Phase 2.4 Update Timing | Checksum: 19353b1a9

Time (s): cpu = 00:00:26 ; elapsed = 00:00:23 . Memory (MB): peak = 1681.148 ; gain = 106.055
INFO: [Route 35-416] Intermediate Timing Summary | WNS=5.038  | TNS=0.000  | WHS=-0.017 | THS=-0.163 |

Phase 2 Router Initialization | Checksum: 1c0683f48

Time (s): cpu = 00:00:26 ; elapsed = 00:00:23 . Memory (MB): peak = 1681.148 ; gain = 106.055

Router Utilization Summary
  Global Vertical Routing Utilization    = 0.000318903 %
  Global Horizontal Routing Utilization  = 0.000260281 %
  Routable Net Status*
  *Does not include unroutable nets such as driverless and loadless.
  Run report_route_status for detailed report.
  Number of Failed Nets               = 54
    (Failed Nets is the sum of unrouted and partially routed nets)
  Number of Unrouted Nets             = 51
  Number of Partially Routed Nets     = 3
  Number of Node Overlaps             = 1


Phase 3 Initial Routing

Phase 3.1 Global Routing
Phase 3.1 Global Routing | Checksum: 1c0683f48

Time (s): cpu = 00:00:26 ; elapsed = 00:00:23 . Memory (MB): peak = 1681.797 ; gain = 106.703
Phase 3 Initial Routing | Checksum: 143224223

Time (s): cpu = 00:00:26 ; elapsed = 00:00:23 . Memory (MB): peak = 1681.797 ; gain = 106.703

Phase 4 Rip-up And Reroute

Phase 4.1 Global Iteration 0
 Number of Nodes with overlaps = 1
 Number of Nodes with overlaps = 0
INFO: [Route 35-416] Intermediate Timing Summary | WNS=4.792  | TNS=0.000  | WHS=N/A    | THS=N/A    |

Phase 4.1 Global Iteration 0 | Checksum: 21803921a

Time (s): cpu = 00:00:27 ; elapsed = 00:00:23 . Memory (MB): peak = 1681.797 ; gain = 106.703
Phase 4 Rip-up And Reroute | Checksum: 21803921a

Time (s): cpu = 00:00:27 ; elapsed = 00:00:23 . Memory (MB): peak = 1681.797 ; gain = 106.703

Phase 5 Delay and Skew Optimization

Phase 5.1 Delay CleanUp

Phase 5.1.1 Update Timing
Phase 5.1.1 Update Timing | Checksum: 20825bea2

Time (s): cpu = 00:00:27 ; elapsed = 00:00:23 . Memory (MB): peak = 1681.797 ; gain = 106.703
INFO: [Route 35-416] Intermediate Timing Summary | WNS=4.885  | TNS=0.000  | WHS=N/A    | THS=N/A    |

Phase 5.1 Delay CleanUp | Checksum: 20825bea2

Time (s): cpu = 00:00:27 ; elapsed = 00:00:23 . Memory (MB): peak = 1681.797 ; gain = 106.703

Phase 5.2 Clock Skew Optimization
Phase 5.2 Clock Skew Optimization | Checksum: 20825bea2

Time (s): cpu = 00:00:27 ; elapsed = 00:00:23 . Memory (MB): peak = 1681.797 ; gain = 106.703
Phase 5 Delay and Skew Optimization | Checksum: 20825bea2

Time (s): cpu = 00:00:27 ; elapsed = 00:00:23 . Memory (MB): peak = 1681.797 ; gain = 106.703

Phase 6 Post Hold Fix

Phase 6.1 Hold Fix Iter

Phase 6.1.1 Update Timing
Phase 6.1.1 Update Timing | Checksum: 1d5c4b913

Time (s): cpu = 00:00:27 ; elapsed = 00:00:23 . Memory (MB): peak = 1681.797 ; gain = 106.703
INFO: [Route 35-416] Intermediate Timing Summary | WNS=4.885  | TNS=0.000  | WHS=0.297  | THS=0.000  |

Phase 6.1 Hold Fix Iter | Checksum: 21bff26f1

Time (s): cpu = 00:00:27 ; elapsed = 00:00:23 . Memory (MB): peak = 1681.797 ; gain = 106.703
Phase 6 Post Hold Fix | Checksum: 21bff26f1

Time (s): cpu = 00:00:27 ; elapsed = 00:00:23 . Memory (MB): peak = 1681.797 ; gain = 106.703

Phase 7 Route finalize

Router Utilization Summary
  Global Vertical Routing Utilization    = 0.0266284 %
  Global Horizontal Routing Utilization  = 0.0195211 %
  Routable Net Status*
  *Does not include unroutable nets such as driverless and loadless.
  Run report_route_status for detailed report.
  Number of Failed Nets               = 0
    (Failed Nets is the sum of unrouted and partially routed nets)
  Number of Unrouted Nets             = 0
  Number of Partially Routed Nets     = 0
  Number of Node Overlaps             = 0

Phase 7 Route finalize | Checksum: 20c410cac

Time (s): cpu = 00:00:27 ; elapsed = 00:00:23 . Memory (MB): peak = 1681.797 ; gain = 106.703

Phase 8 Verifying routed nets

 Verification completed successfully
Phase 8 Verifying routed nets | Checksum: 20c410cac

Time (s): cpu = 00:00:27 ; elapsed = 00:00:23 . Memory (MB): peak = 1682.434 ; gain = 107.340

Phase 9 Depositing Routes
Phase 9 Depositing Routes | Checksum: 1b587b77d

Time (s): cpu = 00:00:27 ; elapsed = 00:00:23 . Memory (MB): peak = 1682.434 ; gain = 107.340

Phase 10 Post Router Timing
INFO: [Route 35-57] Estimated Timing Summary | WNS=4.885  | TNS=0.000  | WHS=0.297  | THS=0.000  |

INFO: [Route 35-327] The final timing numbers are based on the router estimated timing analysis. For a complete and accurate timing signoff, please run report_timing_summary.
Phase 10 Post Router Timing | Checksum: 1b587b77d

Time (s): cpu = 00:00:27 ; elapsed = 00:00:23 . Memory (MB): peak = 1682.434 ; gain = 107.340
INFO: [Route 35-16] Router Completed Successfully

Time (s): cpu = 00:00:27 ; elapsed = 00:00:23 . Memory (MB): peak = 1682.434 ; gain = 107.340

Routing Is Done.
INFO: [Common 17-83] Releasing license: Implementation
85 Infos, 110 Warnings, 0 Critical Warnings and 0 Errors encountered.
route_design completed successfully
route_design: Time (s): cpu = 00:00:29 ; elapsed = 00:00:25 . Memory (MB): peak = 1682.434 ; gain = 117.398
INFO: [Timing 38-480] Writing timing data to binary archive.
Writing placer database...
Writing XDEF routing.
Writing XDEF routing logical nets.
Writing XDEF routing special nets.
Write XDEF Complete: Time (s): cpu = 00:00:00 ; elapsed = 00:00:00.101 . Memory (MB): peak = 1692.324 ; gain = 9.891
INFO: [Common 17-1381] The checkpoint 'C:/Users/pedro/OneDrive/Documentos/GitHub/PED1/Semana 14/Trabalho_7_Grupo_12/Trabalho_7_Grupo_12.runs/impl_1/main_counter_async_0toF_routed.dcp' has been generated.
INFO: [runtcl-4] Executing : report_drc -file main_counter_async_0toF_drc_routed.rpt -pb main_counter_async_0toF_drc_routed.pb -rpx main_counter_async_0toF_drc_routed.rpx
Command: report_drc -file main_counter_async_0toF_drc_routed.rpt -pb main_counter_async_0toF_drc_routed.pb -rpx main_counter_async_0toF_drc_routed.rpx
INFO: [IP_Flow 19-1839] IP Catalog is up to date.
INFO: [DRC 23-27] Running DRC with 2 threads
INFO: [Coretcl 2-168] The results of DRC are in file C:/Users/pedro/OneDrive/Documentos/GitHub/PED1/Semana 14/Trabalho_7_Grupo_12/Trabalho_7_Grupo_12.runs/impl_1/main_counter_async_0toF_drc_routed.rpt.
report_drc completed successfully
INFO: [runtcl-4] Executing : report_methodology -file main_counter_async_0toF_methodology_drc_routed.rpt -pb main_counter_async_0toF_methodology_drc_routed.pb -rpx main_counter_async_0toF_methodology_drc_routed.rpx
Command: report_methodology -file main_counter_async_0toF_methodology_drc_routed.rpt -pb main_counter_async_0toF_methodology_drc_routed.pb -rpx main_counter_async_0toF_methodology_drc_routed.rpx
INFO: [Timing 38-35] Done setting XDC timing constraints.
INFO: [DRC 23-133] Running Methodology with 2 threads
INFO: [Coretcl 2-1520] The results of Report Methodology are in file C:/Users/pedro/OneDrive/Documentos/GitHub/PED1/Semana 14/Trabalho_7_Grupo_12/Trabalho_7_Grupo_12.runs/impl_1/main_counter_async_0toF_methodology_drc_routed.rpt.
report_methodology completed successfully
INFO: [runtcl-4] Executing : report_power -file main_counter_async_0toF_power_routed.rpt -pb main_counter_async_0toF_power_summary_routed.pb -rpx main_counter_async_0toF_power_routed.rpx
Command: report_power -file main_counter_async_0toF_power_routed.rpt -pb main_counter_async_0toF_power_summary_routed.pb -rpx main_counter_async_0toF_power_routed.rpx
INFO: [Timing 38-35] Done setting XDC timing constraints.
Running Vector-less Activity Propagation...

Finished Running Vector-less Activity Propagation
97 Infos, 110 Warnings, 0 Critical Warnings and 0 Errors encountered.
report_power completed successfully
INFO: [runtcl-4] Executing : report_route_status -file main_counter_async_0toF_route_status.rpt -pb main_counter_async_0toF_route_status.pb
INFO: [runtcl-4] Executing : report_timing_summary -max_paths 10 -file main_counter_async_0toF_timing_summary_routed.rpt -pb main_counter_async_0toF_timing_summary_routed.pb -rpx main_counter_async_0toF_timing_summary_routed.rpx -warn_on_violation 
INFO: [Timing 38-91] UpdateTimingParams: Speed grade: -1, Delay Type: min_max.
INFO: [Timing 38-191] Multithreading enabled for timing update using a maximum of 2 CPUs
INFO: [runtcl-4] Executing : report_incremental_reuse -file main_counter_async_0toF_incremental_reuse_routed.rpt
INFO: [Vivado_Tcl 4-1062] Incremental flow is disabled. No incremental reuse Info to report.
INFO: [runtcl-4] Executing : report_clock_utilization -file main_counter_async_0toF_clock_utilization_routed.rpt
INFO: [runtcl-4] Executing : report_bus_skew -warn_on_violation -file main_counter_async_0toF_bus_skew_routed.rpt -pb main_counter_async_0toF_bus_skew_routed.pb -rpx main_counter_async_0toF_bus_skew_routed.rpx
INFO: [Timing 38-91] UpdateTimingParams: Speed grade: -1, Delay Type: min_max.
INFO: [Timing 38-191] Multithreading enabled for timing update using a maximum of 2 CPUs
Command: write_bitstream -force main_counter_async_0toF.bit
Attempting to get a license for feature 'Implementation' and/or device 'xc7a35t'
INFO: [Common 17-349] Got license for feature 'Implementation' and/or device 'xc7a35t'
Running DRC as a precondition to command write_bitstream
INFO: [IP_Flow 19-1839] IP Catalog is up to date.
INFO: [DRC 23-27] Running DRC with 2 threads
WARNING: [DRC CFGBVS-1] Missing CFGBVS and CONFIG_VOLTAGE Design Properties: Neither the CFGBVS nor CONFIG_VOLTAGE voltage property is set in the current_design.  Configuration bank voltage select (CFGBVS) must be set to VCCO or GND, and CONFIG_VOLTAGE must be set to the correct configuration voltage, in order to determine the I/O voltage support for the pins in bank 0.  It is suggested to specify these either using the 'Edit Device Properties' function in the GUI or directly in the XDC file using the following syntax:

 set_property CFGBVS value1 [current_design]
 #where value1 is either VCCO or GND

 set_property CONFIG_VOLTAGE value2 [current_design]
 #where value2 is the voltage provided to configuration bank 0

Refer to the device configuration user guide for more information.
WARNING: [DRC PDRC-153] Gated clock check: Net clock/clk_counter is a gated clock net sourced by a combinational pin clock/s_i_2/O, cell clock/s_i_2. This is not good design practice and will likely impact performance. For SLICE registers, for example, use the CE pin to control the loading of data.
WARNING: [DRC PLHOLDVIO-2] Non-Optimal connections which could lead to hold violations: A LUT clock/s_i_2 is driving clock pin of 1 cells. This could lead to large hold time violations. Involved cells are:
ffA/s_reg
INFO: [Vivado 12-3199] DRC finished with 0 Errors, 3 Warnings
INFO: [Vivado 12-3200] Please refer to the DRC report (report_drc) for more information.
INFO: [Designutils 20-2272] Running write_bitstream with 2 threads.
Loading data files...
Loading site data...
Loading route data...
Processing options...
Creating bitmap...
Creating bitstream...
Writing bitstream ./main_counter_async_0toF.bit...
INFO: [Vivado 12-1842] Bitgen Completed Successfully.
INFO: [Project 1-120] WebTalk data collection is mandatory when using a WebPACK part without a full Vivado license. To see the specific WebTalk data collected for your design, open the usage_statistics_webtalk.html or usage_statistics_webtalk.xml file in the implementation directory.
INFO: [Common 17-83] Releasing license: Implementation
12 Infos, 3 Warnings, 0 Critical Warnings and 0 Errors encountered.
write_bitstream completed successfully
write_bitstream: Time (s): cpu = 00:00:15 ; elapsed = 00:00:19 . Memory (MB): peak = 2151.770 ; gain = 425.414
INFO: [Common 17-206] Exiting Vivado at Thu Oct 21 13:31:54 2021...
