
*** Running vivado
    with args -log registrador16bits.vds -m64 -product Vivado -mode batch -messageDb vivado.pb -notrace -source registrador16bits.tcl



****** Vivado v2020.2 (64-bit)
  **** SW Build 3064766 on Wed Nov 18 09:12:45 MST 2020
  **** IP Build 3064653 on Wed Nov 18 14:17:31 MST 2020
    ** Copyright 1986-2020 Xilinx, Inc. All Rights Reserved.

source registrador16bits.tcl -notrace
Command: synth_design -top registrador16bits -part xc7a35tcpg236-1
Starting synth_design
Attempting to get a license for feature 'Synthesis' and/or device 'xc7a35t'
INFO: [Common 17-349] Got license for feature 'Synthesis' and/or device 'xc7a35t'
INFO: [Device 21-403] Loading part xc7a35tcpg236-1
INFO: [Synth 8-7079] Multithreading enabled for synth_design using a maximum of 2 processes.
INFO: [Synth 8-7078] Launching helper process for spawning children vivado processes
INFO: [Synth 8-7075] Helper process launched with PID 12192
---------------------------------------------------------------------------------
Starting RTL Elaboration : Time (s): cpu = 00:00:12 ; elapsed = 00:00:15 . Memory (MB): peak = 999.617 ; gain = 0.000
---------------------------------------------------------------------------------
INFO: [Synth 8-638] synthesizing module 'registrador16bits' [C:/Users/Caetano/Desktop/PED1/Semana 13/Trabalho_6_Grupo_12/Trabalho_6_Grupo_12.srcs/sources_1/new/registrador16bits.vhd:10]
INFO: [Synth 8-3491] module 'divisor_clock' declared at 'C:/Users/Caetano/Desktop/PED1/Semana 13/Trabalho_6_Grupo_12/Trabalho_6_Grupo_12.srcs/sources_1/imports/new/divisor_clock.vhd:6' bound to instance 'clock' of component 'divisor_clock' [C:/Users/Caetano/Desktop/PED1/Semana 13/Trabalho_6_Grupo_12/Trabalho_6_Grupo_12.srcs/sources_1/new/registrador16bits.vhd:32]
INFO: [Synth 8-638] synthesizing module 'divisor_clock' [C:/Users/Caetano/Desktop/PED1/Semana 13/Trabalho_6_Grupo_12/Trabalho_6_Grupo_12.srcs/sources_1/imports/new/divisor_clock.vhd:12]
INFO: [Synth 8-256] done synthesizing module 'divisor_clock' (1#1) [C:/Users/Caetano/Desktop/PED1/Semana 13/Trabalho_6_Grupo_12/Trabalho_6_Grupo_12.srcs/sources_1/imports/new/divisor_clock.vhd:12]
INFO: [Synth 8-3491] module 'ff_D_reset_clr_assinc' declared at 'C:/Users/Caetano/Desktop/PED1/Semana 13/Trabalho_6_Grupo_12/Trabalho_6_Grupo_12.srcs/sources_1/new/ff_D_reset_clr_assinc.vhd:4' bound to instance 'ff00' of component 'ff_D_reset_clr_assinc' [C:/Users/Caetano/Desktop/PED1/Semana 13/Trabalho_6_Grupo_12/Trabalho_6_Grupo_12.srcs/sources_1/new/registrador16bits.vhd:34]
INFO: [Synth 8-638] synthesizing module 'ff_D_reset_clr_assinc' [C:/Users/Caetano/Desktop/PED1/Semana 13/Trabalho_6_Grupo_12/Trabalho_6_Grupo_12.srcs/sources_1/new/ff_D_reset_clr_assinc.vhd:11]
INFO: [Synth 8-256] done synthesizing module 'ff_D_reset_clr_assinc' (2#1) [C:/Users/Caetano/Desktop/PED1/Semana 13/Trabalho_6_Grupo_12/Trabalho_6_Grupo_12.srcs/sources_1/new/ff_D_reset_clr_assinc.vhd:11]
INFO: [Synth 8-3491] module 'ff_D_reset_clr_assinc' declared at 'C:/Users/Caetano/Desktop/PED1/Semana 13/Trabalho_6_Grupo_12/Trabalho_6_Grupo_12.srcs/sources_1/new/ff_D_reset_clr_assinc.vhd:4' bound to instance 'ff01' of component 'ff_D_reset_clr_assinc' [C:/Users/Caetano/Desktop/PED1/Semana 13/Trabalho_6_Grupo_12/Trabalho_6_Grupo_12.srcs/sources_1/new/registrador16bits.vhd:35]
INFO: [Synth 8-3491] module 'ff_D_reset_clr_assinc' declared at 'C:/Users/Caetano/Desktop/PED1/Semana 13/Trabalho_6_Grupo_12/Trabalho_6_Grupo_12.srcs/sources_1/new/ff_D_reset_clr_assinc.vhd:4' bound to instance 'ff02' of component 'ff_D_reset_clr_assinc' [C:/Users/Caetano/Desktop/PED1/Semana 13/Trabalho_6_Grupo_12/Trabalho_6_Grupo_12.srcs/sources_1/new/registrador16bits.vhd:36]
INFO: [Synth 8-3491] module 'ff_D_reset_clr_assinc' declared at 'C:/Users/Caetano/Desktop/PED1/Semana 13/Trabalho_6_Grupo_12/Trabalho_6_Grupo_12.srcs/sources_1/new/ff_D_reset_clr_assinc.vhd:4' bound to instance 'ff03' of component 'ff_D_reset_clr_assinc' [C:/Users/Caetano/Desktop/PED1/Semana 13/Trabalho_6_Grupo_12/Trabalho_6_Grupo_12.srcs/sources_1/new/registrador16bits.vhd:37]
INFO: [Synth 8-3491] module 'ff_D_reset_clr_assinc' declared at 'C:/Users/Caetano/Desktop/PED1/Semana 13/Trabalho_6_Grupo_12/Trabalho_6_Grupo_12.srcs/sources_1/new/ff_D_reset_clr_assinc.vhd:4' bound to instance 'ff04' of component 'ff_D_reset_clr_assinc' [C:/Users/Caetano/Desktop/PED1/Semana 13/Trabalho_6_Grupo_12/Trabalho_6_Grupo_12.srcs/sources_1/new/registrador16bits.vhd:38]
INFO: [Synth 8-3491] module 'ff_D_reset_clr_assinc' declared at 'C:/Users/Caetano/Desktop/PED1/Semana 13/Trabalho_6_Grupo_12/Trabalho_6_Grupo_12.srcs/sources_1/new/ff_D_reset_clr_assinc.vhd:4' bound to instance 'ff05' of component 'ff_D_reset_clr_assinc' [C:/Users/Caetano/Desktop/PED1/Semana 13/Trabalho_6_Grupo_12/Trabalho_6_Grupo_12.srcs/sources_1/new/registrador16bits.vhd:39]
INFO: [Synth 8-3491] module 'ff_D_reset_clr_assinc' declared at 'C:/Users/Caetano/Desktop/PED1/Semana 13/Trabalho_6_Grupo_12/Trabalho_6_Grupo_12.srcs/sources_1/new/ff_D_reset_clr_assinc.vhd:4' bound to instance 'ff06' of component 'ff_D_reset_clr_assinc' [C:/Users/Caetano/Desktop/PED1/Semana 13/Trabalho_6_Grupo_12/Trabalho_6_Grupo_12.srcs/sources_1/new/registrador16bits.vhd:40]
INFO: [Synth 8-3491] module 'ff_D_reset_clr_assinc' declared at 'C:/Users/Caetano/Desktop/PED1/Semana 13/Trabalho_6_Grupo_12/Trabalho_6_Grupo_12.srcs/sources_1/new/ff_D_reset_clr_assinc.vhd:4' bound to instance 'ff07' of component 'ff_D_reset_clr_assinc' [C:/Users/Caetano/Desktop/PED1/Semana 13/Trabalho_6_Grupo_12/Trabalho_6_Grupo_12.srcs/sources_1/new/registrador16bits.vhd:41]
INFO: [Synth 8-3491] module 'ff_D_reset_clr_assinc' declared at 'C:/Users/Caetano/Desktop/PED1/Semana 13/Trabalho_6_Grupo_12/Trabalho_6_Grupo_12.srcs/sources_1/new/ff_D_reset_clr_assinc.vhd:4' bound to instance 'ff08' of component 'ff_D_reset_clr_assinc' [C:/Users/Caetano/Desktop/PED1/Semana 13/Trabalho_6_Grupo_12/Trabalho_6_Grupo_12.srcs/sources_1/new/registrador16bits.vhd:42]
INFO: [Synth 8-3491] module 'ff_D_reset_clr_assinc' declared at 'C:/Users/Caetano/Desktop/PED1/Semana 13/Trabalho_6_Grupo_12/Trabalho_6_Grupo_12.srcs/sources_1/new/ff_D_reset_clr_assinc.vhd:4' bound to instance 'ff09' of component 'ff_D_reset_clr_assinc' [C:/Users/Caetano/Desktop/PED1/Semana 13/Trabalho_6_Grupo_12/Trabalho_6_Grupo_12.srcs/sources_1/new/registrador16bits.vhd:43]
INFO: [Synth 8-3491] module 'ff_D_reset_clr_assinc' declared at 'C:/Users/Caetano/Desktop/PED1/Semana 13/Trabalho_6_Grupo_12/Trabalho_6_Grupo_12.srcs/sources_1/new/ff_D_reset_clr_assinc.vhd:4' bound to instance 'ff10' of component 'ff_D_reset_clr_assinc' [C:/Users/Caetano/Desktop/PED1/Semana 13/Trabalho_6_Grupo_12/Trabalho_6_Grupo_12.srcs/sources_1/new/registrador16bits.vhd:44]
INFO: [Synth 8-3491] module 'ff_D_reset_clr_assinc' declared at 'C:/Users/Caetano/Desktop/PED1/Semana 13/Trabalho_6_Grupo_12/Trabalho_6_Grupo_12.srcs/sources_1/new/ff_D_reset_clr_assinc.vhd:4' bound to instance 'ff11' of component 'ff_D_reset_clr_assinc' [C:/Users/Caetano/Desktop/PED1/Semana 13/Trabalho_6_Grupo_12/Trabalho_6_Grupo_12.srcs/sources_1/new/registrador16bits.vhd:45]
INFO: [Synth 8-3491] module 'ff_D_reset_clr_assinc' declared at 'C:/Users/Caetano/Desktop/PED1/Semana 13/Trabalho_6_Grupo_12/Trabalho_6_Grupo_12.srcs/sources_1/new/ff_D_reset_clr_assinc.vhd:4' bound to instance 'ff12' of component 'ff_D_reset_clr_assinc' [C:/Users/Caetano/Desktop/PED1/Semana 13/Trabalho_6_Grupo_12/Trabalho_6_Grupo_12.srcs/sources_1/new/registrador16bits.vhd:46]
INFO: [Synth 8-3491] module 'ff_D_reset_clr_assinc' declared at 'C:/Users/Caetano/Desktop/PED1/Semana 13/Trabalho_6_Grupo_12/Trabalho_6_Grupo_12.srcs/sources_1/new/ff_D_reset_clr_assinc.vhd:4' bound to instance 'ff13' of component 'ff_D_reset_clr_assinc' [C:/Users/Caetano/Desktop/PED1/Semana 13/Trabalho_6_Grupo_12/Trabalho_6_Grupo_12.srcs/sources_1/new/registrador16bits.vhd:47]
INFO: [Synth 8-3491] module 'ff_D_reset_clr_assinc' declared at 'C:/Users/Caetano/Desktop/PED1/Semana 13/Trabalho_6_Grupo_12/Trabalho_6_Grupo_12.srcs/sources_1/new/ff_D_reset_clr_assinc.vhd:4' bound to instance 'ff14' of component 'ff_D_reset_clr_assinc' [C:/Users/Caetano/Desktop/PED1/Semana 13/Trabalho_6_Grupo_12/Trabalho_6_Grupo_12.srcs/sources_1/new/registrador16bits.vhd:48]
INFO: [Synth 8-3491] module 'ff_D_reset_clr_assinc' declared at 'C:/Users/Caetano/Desktop/PED1/Semana 13/Trabalho_6_Grupo_12/Trabalho_6_Grupo_12.srcs/sources_1/new/ff_D_reset_clr_assinc.vhd:4' bound to instance 'ff15' of component 'ff_D_reset_clr_assinc' [C:/Users/Caetano/Desktop/PED1/Semana 13/Trabalho_6_Grupo_12/Trabalho_6_Grupo_12.srcs/sources_1/new/registrador16bits.vhd:49]
INFO: [Synth 8-256] done synthesizing module 'registrador16bits' (3#1) [C:/Users/Caetano/Desktop/PED1/Semana 13/Trabalho_6_Grupo_12/Trabalho_6_Grupo_12.srcs/sources_1/new/registrador16bits.vhd:10]
---------------------------------------------------------------------------------
Finished RTL Elaboration : Time (s): cpu = 00:00:15 ; elapsed = 00:00:19 . Memory (MB): peak = 999.617 ; gain = 0.000
---------------------------------------------------------------------------------
---------------------------------------------------------------------------------
Start Handling Custom Attributes
---------------------------------------------------------------------------------
---------------------------------------------------------------------------------
Finished Handling Custom Attributes : Time (s): cpu = 00:00:16 ; elapsed = 00:00:21 . Memory (MB): peak = 999.617 ; gain = 0.000
---------------------------------------------------------------------------------
---------------------------------------------------------------------------------
Finished RTL Optimization Phase 1 : Time (s): cpu = 00:00:16 ; elapsed = 00:00:21 . Memory (MB): peak = 999.617 ; gain = 0.000
---------------------------------------------------------------------------------
Netlist sorting complete. Time (s): cpu = 00:00:00 ; elapsed = 00:00:00.001 . Memory (MB): peak = 999.617 ; gain = 0.000
INFO: [Project 1-570] Preparing netlist for logic optimization

Processing XDC Constraints
Initializing timing engine
Parsing XDC File [C:/Users/Caetano/Desktop/PED1/Semana 13/Trabalho_6_Grupo_12/Trabalho_6_Grupo_12.srcs/constrs_1/imports/PED1/Basys3_Master.xdc]
Finished Parsing XDC File [C:/Users/Caetano/Desktop/PED1/Semana 13/Trabalho_6_Grupo_12/Trabalho_6_Grupo_12.srcs/constrs_1/imports/PED1/Basys3_Master.xdc]
INFO: [Project 1-236] Implementation specific constraints were found while reading constraint file [C:/Users/Caetano/Desktop/PED1/Semana 13/Trabalho_6_Grupo_12/Trabalho_6_Grupo_12.srcs/constrs_1/imports/PED1/Basys3_Master.xdc]. These constraints will be ignored for synthesis but will be used in implementation. Impacted constraints are listed in the file [.Xil/registrador16bits_propImpl.xdc].
Resolution: To avoid this warning, move constraints listed in [.Xil/registrador16bits_propImpl.xdc] to another XDC file and exclude this new file from synthesis with the used_in_synthesis property (File Properties dialog in GUI) and re-run elaboration/synthesis.
Completed Processing XDC Constraints

Netlist sorting complete. Time (s): cpu = 00:00:00 ; elapsed = 00:00:00.001 . Memory (MB): peak = 999.617 ; gain = 0.000
INFO: [Project 1-111] Unisim Transformation Summary:
No Unisim elements were transformed.

Constraint Validation Runtime : Time (s): cpu = 00:00:00 ; elapsed = 00:00:00.013 . Memory (MB): peak = 999.617 ; gain = 0.000
---------------------------------------------------------------------------------
Finished Constraint Validation : Time (s): cpu = 00:00:32 ; elapsed = 00:00:40 . Memory (MB): peak = 999.617 ; gain = 0.000
---------------------------------------------------------------------------------
---------------------------------------------------------------------------------
Start Loading Part and Timing Information
---------------------------------------------------------------------------------
Loading part: xc7a35tcpg236-1
---------------------------------------------------------------------------------
Finished Loading Part and Timing Information : Time (s): cpu = 00:00:32 ; elapsed = 00:00:40 . Memory (MB): peak = 999.617 ; gain = 0.000
---------------------------------------------------------------------------------
---------------------------------------------------------------------------------
Start Applying 'set_property' XDC Constraints
---------------------------------------------------------------------------------
---------------------------------------------------------------------------------
Finished applying 'set_property' XDC Constraints : Time (s): cpu = 00:00:32 ; elapsed = 00:00:40 . Memory (MB): peak = 999.617 ; gain = 0.000
---------------------------------------------------------------------------------
---------------------------------------------------------------------------------
Finished RTL Optimization Phase 2 : Time (s): cpu = 00:00:33 ; elapsed = 00:00:41 . Memory (MB): peak = 999.617 ; gain = 0.000
---------------------------------------------------------------------------------
---------------------------------------------------------------------------------
Start RTL Component Statistics 
---------------------------------------------------------------------------------
Detailed RTL Component Info : 
+---Registers : 
	                1 Bit    Registers := 17    
+---Muxes : 
	   2 Input    1 Bit        Muxes := 1     
---------------------------------------------------------------------------------
Finished RTL Component Statistics 
---------------------------------------------------------------------------------
---------------------------------------------------------------------------------
Start Part Resource Summary
---------------------------------------------------------------------------------
Part Resources:
DSPs: 90 (col length:60)
BRAMs: 100 (col length: RAMB18 60 RAMB36 30)
---------------------------------------------------------------------------------
Finished Part Resource Summary
---------------------------------------------------------------------------------
---------------------------------------------------------------------------------
Start Cross Boundary and Area Optimization
---------------------------------------------------------------------------------
---------------------------------------------------------------------------------
Finished Cross Boundary and Area Optimization : Time (s): cpu = 00:00:36 ; elapsed = 00:00:45 . Memory (MB): peak = 999.617 ; gain = 0.000
---------------------------------------------------------------------------------
---------------------------------------------------------------------------------
Start Applying XDC Timing Constraints
---------------------------------------------------------------------------------
---------------------------------------------------------------------------------
Finished Applying XDC Timing Constraints : Time (s): cpu = 00:00:51 ; elapsed = 00:01:03 . Memory (MB): peak = 999.617 ; gain = 0.000
---------------------------------------------------------------------------------
---------------------------------------------------------------------------------
Start Timing Optimization
---------------------------------------------------------------------------------
---------------------------------------------------------------------------------
Finished Timing Optimization : Time (s): cpu = 00:00:51 ; elapsed = 00:01:04 . Memory (MB): peak = 999.617 ; gain = 0.000
---------------------------------------------------------------------------------
---------------------------------------------------------------------------------
Start Technology Mapping
---------------------------------------------------------------------------------
---------------------------------------------------------------------------------
Finished Technology Mapping : Time (s): cpu = 00:00:51 ; elapsed = 00:01:04 . Memory (MB): peak = 999.617 ; gain = 0.000
---------------------------------------------------------------------------------
---------------------------------------------------------------------------------
Start IO Insertion
---------------------------------------------------------------------------------
---------------------------------------------------------------------------------
Start Flattening Before IO Insertion
---------------------------------------------------------------------------------
---------------------------------------------------------------------------------
Finished Flattening Before IO Insertion
---------------------------------------------------------------------------------
---------------------------------------------------------------------------------
Start Final Netlist Cleanup
---------------------------------------------------------------------------------
---------------------------------------------------------------------------------
Finished Final Netlist Cleanup
---------------------------------------------------------------------------------
---------------------------------------------------------------------------------
Finished IO Insertion : Time (s): cpu = 00:01:00 ; elapsed = 00:01:14 . Memory (MB): peak = 999.617 ; gain = 0.000
---------------------------------------------------------------------------------
---------------------------------------------------------------------------------
Start Renaming Generated Instances
---------------------------------------------------------------------------------
---------------------------------------------------------------------------------
Finished Renaming Generated Instances : Time (s): cpu = 00:01:00 ; elapsed = 00:01:14 . Memory (MB): peak = 999.617 ; gain = 0.000
---------------------------------------------------------------------------------
---------------------------------------------------------------------------------
Start Rebuilding User Hierarchy
---------------------------------------------------------------------------------
---------------------------------------------------------------------------------
Finished Rebuilding User Hierarchy : Time (s): cpu = 00:01:00 ; elapsed = 00:01:14 . Memory (MB): peak = 999.617 ; gain = 0.000
---------------------------------------------------------------------------------
---------------------------------------------------------------------------------
Start Renaming Generated Ports
---------------------------------------------------------------------------------
---------------------------------------------------------------------------------
Finished Renaming Generated Ports : Time (s): cpu = 00:01:00 ; elapsed = 00:01:14 . Memory (MB): peak = 999.617 ; gain = 0.000
---------------------------------------------------------------------------------
---------------------------------------------------------------------------------
Start Handling Custom Attributes
---------------------------------------------------------------------------------
---------------------------------------------------------------------------------
Finished Handling Custom Attributes : Time (s): cpu = 00:01:00 ; elapsed = 00:01:14 . Memory (MB): peak = 999.617 ; gain = 0.000
---------------------------------------------------------------------------------
---------------------------------------------------------------------------------
Start Renaming Generated Nets
---------------------------------------------------------------------------------
---------------------------------------------------------------------------------
Finished Renaming Generated Nets : Time (s): cpu = 00:01:00 ; elapsed = 00:01:14 . Memory (MB): peak = 999.617 ; gain = 0.000
---------------------------------------------------------------------------------
---------------------------------------------------------------------------------
Start Writing Synthesis Report
---------------------------------------------------------------------------------

Report BlackBoxes: 
+-+--------------+----------+
| |BlackBox name |Instances |
+-+--------------+----------+
+-+--------------+----------+

Report Cell Usage: 
+------+-------+------+
|      |Cell   |Count |
+------+-------+------+
|1     |BUFG   |     1|
|2     |CARRY4 |     7|
|3     |LUT1   |     1|
|4     |LUT2   |     1|
|5     |LUT3   |     2|
|6     |LUT5   |     1|
|7     |LUT6   |     4|
|8     |FDCE   |    16|
|9     |FDRE   |    28|
|10    |IBUF   |     3|
|11    |OBUF   |    16|
+------+-------+------+
---------------------------------------------------------------------------------
Finished Writing Synthesis Report : Time (s): cpu = 00:01:00 ; elapsed = 00:01:14 . Memory (MB): peak = 999.617 ; gain = 0.000
---------------------------------------------------------------------------------
Synthesis finished with 0 errors, 0 critical warnings and 0 warnings.
Synthesis Optimization Runtime : Time (s): cpu = 00:00:38 ; elapsed = 00:01:07 . Memory (MB): peak = 999.617 ; gain = 0.000
Synthesis Optimization Complete : Time (s): cpu = 00:01:00 ; elapsed = 00:01:14 . Memory (MB): peak = 999.617 ; gain = 0.000
INFO: [Project 1-571] Translating synthesized netlist
Netlist sorting complete. Time (s): cpu = 00:00:00 ; elapsed = 00:00:00.003 . Memory (MB): peak = 999.617 ; gain = 0.000
INFO: [Netlist 29-17] Analyzing 7 Unisim elements for replacement
INFO: [Netlist 29-28] Unisim Transformation completed in 0 CPU seconds
INFO: [Project 1-570] Preparing netlist for logic optimization
INFO: [Opt 31-138] Pushed 0 inverter(s) to 0 load pin(s).
Netlist sorting complete. Time (s): cpu = 00:00:00 ; elapsed = 00:00:00 . Memory (MB): peak = 999.617 ; gain = 0.000
INFO: [Project 1-111] Unisim Transformation Summary:
No Unisim elements were transformed.

INFO: [Common 17-83] Releasing license: Synthesis
38 Infos, 0 Warnings, 0 Critical Warnings and 0 Errors encountered.
synth_design completed successfully
synth_design: Time (s): cpu = 00:01:15 ; elapsed = 00:01:35 . Memory (MB): peak = 999.617 ; gain = 0.000
INFO: [Common 17-1381] The checkpoint 'C:/Users/Caetano/Desktop/PED1/Semana 13/Trabalho_6_Grupo_12/Trabalho_6_Grupo_12.runs/synth_1/registrador16bits.dcp' has been generated.
INFO: [runtcl-4] Executing : report_utilization -file registrador16bits_utilization_synth.rpt -pb registrador16bits_utilization_synth.pb
INFO: [Common 17-206] Exiting Vivado at Fri Oct 15 11:06:19 2021...
