#-----------------------------------------------------------
# Vivado v2020.2 (64-bit)
# SW Build 3064766 on Wed Nov 18 09:12:45 MST 2020
# IP Build 3064653 on Wed Nov 18 14:17:31 MST 2020
# Start of session at: Sun Oct 10 15:46:20 2021
# Process ID: 5404
# Current directory: C:/Users/Caetano/Desktop/PED1/Semana 12/somasub
# Command line: vivado.exe -gui_launcher_event rodinguilauncherevent12988 C:\Users\Caetano\Desktop\PED1\Semana 12\somasub\somasub.xpr
# Log file: C:/Users/Caetano/Desktop/PED1/Semana 12/somasub/vivado.log
# Journal file: C:/Users/Caetano/Desktop/PED1/Semana 12/somasub\vivado.jou
#-----------------------------------------------------------
start_gui
open_project {C:/Users/Caetano/Desktop/PED1/Semana 12/somasub/somasub.xpr}
INFO: [Project 1-313] Project file moved from 'C:/Users/micka/OneDrive/rea de Trabalho/somasub2/somasub' since last save.
WARNING: [filemgmt 56-2] Default IP Output Path : Could not find the directory 'C:/Users/Caetano/Desktop/PED1/Semana 12/somasub/somasub.gen/sources_1', nor could it be found using path 'C:/Users/micka/OneDrive/rea de Trabalho/somasub2/somasub/somasub.gen/sources_1'.
Scanning sources...
Finished scanning sources
INFO: [IP_Flow 19-234] Refreshing IP repositories
INFO: [IP_Flow 19-1704] No user IP repositories specified
INFO: [IP_Flow 19-2313] Loaded Vivado IP repository 'C:/Xilinx/Vivado/2020.2/data/ip'.
open_project: Time (s): cpu = 00:00:32 ; elapsed = 00:00:13 . Memory (MB): peak = 1000.699 ; gain = 0.000
update_compile_order -fileset sources_1
