#-----------------------------------------------------------
# Vivado v2020.2 (64-bit)
# SW Build 3064766 on Wed Nov 18 09:12:45 MST 2020
# IP Build 3064653 on Wed Nov 18 14:17:31 MST 2020
# Start of session at: Sun Oct 10 16:44:13 2021
# Process ID: 7936
# Current directory: C:/Users/Caetano/Desktop/PED1/Semana 10/Trabalho_4_Grupo_12
# Command line: vivado.exe -gui_launcher_event rodinguilauncherevent11788 C:\Users\Caetano\Desktop\PED1\Semana 10\Trabalho_4_Grupo_12\Semana10_Trabalho4.xpr
# Log file: C:/Users/Caetano/Desktop/PED1/Semana 10/Trabalho_4_Grupo_12/vivado.log
# Journal file: C:/Users/Caetano/Desktop/PED1/Semana 10/Trabalho_4_Grupo_12\vivado.jou
#-----------------------------------------------------------
start_gui
open_project {C:/Users/Caetano/Desktop/PED1/Semana 10/Trabalho_4_Grupo_12/Semana10_Trabalho4.xpr}
WARNING: [filemgmt 56-3] Default IP Output Path : Could not find the directory 'C:/Users/Caetano/Desktop/PED1/Semana 10/Trabalho_4_Grupo_12/Semana10_Trabalho4.gen/sources_1'.
Scanning sources...
Finished scanning sources
INFO: [IP_Flow 19-234] Refreshing IP repositories
INFO: [IP_Flow 19-1704] No user IP repositories specified
INFO: [IP_Flow 19-2313] Loaded Vivado IP repository 'C:/Xilinx/Vivado/2020.2/data/ip'.
open_project: Time (s): cpu = 00:00:59 ; elapsed = 00:00:30 . Memory (MB): peak = 1000.496 ; gain = 0.000
update_compile_order -fileset sources_1
close [ open {C:/Users/Caetano/Desktop/PED1/Semana 10/Trabalho_4_Grupo_12/Semana10_Trabalho4.srcs/sources_1/new/mux4x1.vhd} w ]
add_files {{C:/Users/Caetano/Desktop/PED1/Semana 10/Trabalho_4_Grupo_12/Semana10_Trabalho4.srcs/sources_1/new/mux4x1.vhd}}
update_compile_order -fileset sources_1
set_property is_enabled false [get_files  {{C:/Users/Caetano/Desktop/PED1/Semana 10/Trabalho_4_Grupo_12/Semana10_Trabalho4.srcs/sources_1/new/mux4x1.vhd}}]
set_property is_enabled true [get_files  {{C:/Users/Caetano/Desktop/PED1/Semana 10/Trabalho_4_Grupo_12/Semana10_Trabalho4.srcs/sources_1/new/mux4x1.vhd}}]
set_property is_enabled false [get_files  {{C:/Users/Caetano/Desktop/PED1/Semana 10/Trabalho_4_Grupo_12/Semana10_Trabalho4.srcs/sources_1/new/mux2x1.vhd}}]
update_compile_order -fileset sources_1
update_compile_order -fileset sources_1
close [ open {C:/Users/Caetano/Desktop/PED1/Semana 10/Trabalho_4_Grupo_12/Semana10_Trabalho4.srcs/sources_1/new/display7segmentosDP.vhd} w ]
add_files {{C:/Users/Caetano/Desktop/PED1/Semana 10/Trabalho_4_Grupo_12/Semana10_Trabalho4.srcs/sources_1/new/display7segmentosDP.vhd}}
update_compile_order -fileset sources_1
WARNING: [filemgmt 56-199] Attempt to get parsing info during refresh. "On-the-fly" syntax checking information may be incorrect. [C:\Users\Caetano\Desktop\PED1\Semana 10\Trabalho_4_Grupo_12\Semana10_Trabalho4.srcs\sources_1\new\mux4x1.vhd:]
WARNING: [filemgmt 56-199] Attempt to get parsing info during refresh. "On-the-fly" syntax checking information may be incorrect. [C:\Users\Caetano\Desktop\PED1\Semana 10\Trabalho_4_Grupo_12\Semana10_Trabalho4.srcs\sources_1\new\logica_de_selecao.vhd:]
WARNING: [filemgmt 56-199] Attempt to get parsing info during refresh. "On-the-fly" syntax checking information may be incorrect. [C:\Users\Caetano\Desktop\PED1\Semana 10\Trabalho_4_Grupo_12\Semana10_Trabalho4.srcs\sources_1\new\display7segmentosDP.vhd:]
WARNING: [filemgmt 56-199] Attempt to get parsing info during refresh. "On-the-fly" syntax checking information may be incorrect. [C:\Users\Caetano\Desktop\PED1\Semana 10\Trabalho_4_Grupo_12\Semana10_Trabalho4.srcs\sources_1\new\display7Segmentos.vhd:]
WARNING: [filemgmt 56-199] Attempt to get parsing info during refresh. "On-the-fly" syntax checking information may be incorrect. [C:\Users\Caetano\Desktop\PED1\Semana 10\Trabalho_4_Grupo_12\Semana10_Trabalho4.srcs\sources_1\new\main.vhd:]
WARNING: [filemgmt 56-199] Attempt to get parsing info during refresh. "On-the-fly" syntax checking information may be incorrect. [C:\Users\Caetano\Desktop\PED1\Semana 10\Trabalho_4_Grupo_12\Semana10_Trabalho4.srcs\sources_1\new\mux4x1.vhd:]
WARNING: [filemgmt 56-199] Attempt to get parsing info during refresh. "On-the-fly" syntax checking information may be incorrect. [C:\Users\Caetano\Desktop\PED1\Semana 10\Trabalho_4_Grupo_12\Semana10_Trabalho4.srcs\sources_1\new\logica_de_selecao.vhd:]
WARNING: [filemgmt 56-199] Attempt to get parsing info during refresh. "On-the-fly" syntax checking information may be incorrect. [C:\Users\Caetano\Desktop\PED1\Semana 10\Trabalho_4_Grupo_12\Semana10_Trabalho4.srcs\sources_1\new\display7segmentosDP.vhd:]
WARNING: [filemgmt 56-199] Attempt to get parsing info during refresh. "On-the-fly" syntax checking information may be incorrect. [C:\Users\Caetano\Desktop\PED1\Semana 10\Trabalho_4_Grupo_12\Semana10_Trabalho4.srcs\sources_1\new\display7Segmentos.vhd:]
WARNING: [filemgmt 56-199] Attempt to get parsing info during refresh. "On-the-fly" syntax checking information may be incorrect. [C:\Users\Caetano\Desktop\PED1\Semana 10\Trabalho_4_Grupo_12\Semana10_Trabalho4.srcs\sources_1\new\main.vhd:]
WARNING: [filemgmt 56-199] Attempt to get parsing info during refresh. "On-the-fly" syntax checking information may be incorrect. [C:\Users\Caetano\Desktop\PED1\Semana 10\Trabalho_4_Grupo_12\Semana10_Trabalho4.srcs\sources_1\new\mux4x1.vhd:]
WARNING: [filemgmt 56-199] Attempt to get parsing info during refresh. "On-the-fly" syntax checking information may be incorrect. [C:\Users\Caetano\Desktop\PED1\Semana 10\Trabalho_4_Grupo_12\Semana10_Trabalho4.srcs\sources_1\new\logica_de_selecao.vhd:]
WARNING: [filemgmt 56-199] Attempt to get parsing info during refresh. "On-the-fly" syntax checking information may be incorrect. [C:\Users\Caetano\Desktop\PED1\Semana 10\Trabalho_4_Grupo_12\Semana10_Trabalho4.srcs\sources_1\new\display7segmentosDP.vhd:]
WARNING: [filemgmt 56-199] Attempt to get parsing info during refresh. "On-the-fly" syntax checking information may be incorrect. [C:\Users\Caetano\Desktop\PED1\Semana 10\Trabalho_4_Grupo_12\Semana10_Trabalho4.srcs\sources_1\new\display7Segmentos.vhd:]
WARNING: [filemgmt 56-199] Attempt to get parsing info during refresh. "On-the-fly" syntax checking information may be incorrect. [C:\Users\Caetano\Desktop\PED1\Semana 10\Trabalho_4_Grupo_12\Semana10_Trabalho4.srcs\sources_1\new\main.vhd:]
ERROR: [Common 17-180] Spawn failed: No error
close [ open {C:/Users/Caetano/Desktop/PED1/Semana 10/Trabalho_4_Grupo_12/Semana10_Trabalho4.srcs/sources_1/new/display7segmentos_DP_C2.vhd} w ]
add_files {{C:/Users/Caetano/Desktop/PED1/Semana 10/Trabalho_4_Grupo_12/Semana10_Trabalho4.srcs/sources_1/new/display7segmentos_DP_C2.vhd}}
update_compile_order -fileset sources_1
export_ip_user_files -of_objects  [get_files {{C:/Users/Caetano/Desktop/PED1/Semana 10/Trabalho_4_Grupo_12/Semana10_Trabalho4.srcs/sources_1/new/display7segmentosDP.vhd}}] -no_script -reset -force -quiet
remove_files  {{C:/Users/Caetano/Desktop/PED1/Semana 10/Trabalho_4_Grupo_12/Semana10_Trabalho4.srcs/sources_1/new/display7segmentosDP.vhd}}
file delete -force {C:/Users/Caetano/Desktop/PED1/Semana 10/Trabalho_4_Grupo_12/Semana10_Trabalho4.srcs/sources_1/new/display7segmentosDP.vhd}
update_compile_order -fileset sources_1
synth_design -rtl -rtl_skip_mlo -name rtl_1
Command: synth_design -rtl -rtl_skip_mlo -name rtl_1
Starting synth_design
Using part: xc7a35tcpg236-1
Top: main
INFO: [Device 21-403] Loading part xc7a35tcpg236-1
---------------------------------------------------------------------------------
Starting RTL Elaboration : Time (s): cpu = 00:00:09 ; elapsed = 00:00:10 . Memory (MB): peak = 1281.945 ; gain = 253.715
---------------------------------------------------------------------------------
INFO: [Synth 8-638] synthesizing module 'main' [C:/Users/Caetano/Desktop/PED1/Semana 10/Trabalho_4_Grupo_12/Semana10_Trabalho4.srcs/sources_1/new/main.vhd:14]
INFO: [Synth 8-3491] module 'mux4x1' declared at 'C:/Users/Caetano/Desktop/PED1/Semana 10/Trabalho_4_Grupo_12/Semana10_Trabalho4.srcs/sources_1/new/mux4x1.vhd:4' bound to instance 'mux' of component 'mux4x1' [C:/Users/Caetano/Desktop/PED1/Semana 10/Trabalho_4_Grupo_12/Semana10_Trabalho4.srcs/sources_1/new/main.vhd:38]
INFO: [Synth 8-638] synthesizing module 'mux4x1' [C:/Users/Caetano/Desktop/PED1/Semana 10/Trabalho_4_Grupo_12/Semana10_Trabalho4.srcs/sources_1/new/mux4x1.vhd:13]
INFO: [Synth 8-256] done synthesizing module 'mux4x1' (1#1) [C:/Users/Caetano/Desktop/PED1/Semana 10/Trabalho_4_Grupo_12/Semana10_Trabalho4.srcs/sources_1/new/mux4x1.vhd:13]
INFO: [Synth 8-3491] module 'display7Segmentos_DP_C2' declared at 'C:/Users/Caetano/Desktop/PED1/Semana 10/Trabalho_4_Grupo_12/Semana10_Trabalho4.srcs/sources_1/new/display7segmentos_DP_C2.vhd:4' bound to instance 'display' of component 'display7Segmentos_DP_C2' [C:/Users/Caetano/Desktop/PED1/Semana 10/Trabalho_4_Grupo_12/Semana10_Trabalho4.srcs/sources_1/new/main.vhd:39]
INFO: [Synth 8-638] synthesizing module 'display7Segmentos_DP_C2' [C:/Users/Caetano/Desktop/PED1/Semana 10/Trabalho_4_Grupo_12/Semana10_Trabalho4.srcs/sources_1/new/display7segmentos_DP_C2.vhd:9]
INFO: [Synth 8-256] done synthesizing module 'display7Segmentos_DP_C2' (2#1) [C:/Users/Caetano/Desktop/PED1/Semana 10/Trabalho_4_Grupo_12/Semana10_Trabalho4.srcs/sources_1/new/display7segmentos_DP_C2.vhd:9]
INFO: [Synth 8-3491] module 'logica_de_selecao' declared at 'C:/Users/Caetano/Desktop/PED1/Semana 10/Trabalho_4_Grupo_12/Semana10_Trabalho4.srcs/sources_1/new/logica_de_selecao.vhd:4' bound to instance 'logica' of component 'logica_de_selecao' [C:/Users/Caetano/Desktop/PED1/Semana 10/Trabalho_4_Grupo_12/Semana10_Trabalho4.srcs/sources_1/new/main.vhd:40]
INFO: [Synth 8-638] synthesizing module 'logica_de_selecao' [C:/Users/Caetano/Desktop/PED1/Semana 10/Trabalho_4_Grupo_12/Semana10_Trabalho4.srcs/sources_1/new/logica_de_selecao.vhd:9]
INFO: [Synth 8-256] done synthesizing module 'logica_de_selecao' (3#1) [C:/Users/Caetano/Desktop/PED1/Semana 10/Trabalho_4_Grupo_12/Semana10_Trabalho4.srcs/sources_1/new/logica_de_selecao.vhd:9]
INFO: [Synth 8-256] done synthesizing module 'main' (4#1) [C:/Users/Caetano/Desktop/PED1/Semana 10/Trabalho_4_Grupo_12/Semana10_Trabalho4.srcs/sources_1/new/main.vhd:14]
---------------------------------------------------------------------------------
Finished RTL Elaboration : Time (s): cpu = 00:00:11 ; elapsed = 00:00:12 . Memory (MB): peak = 1333.004 ; gain = 304.773
---------------------------------------------------------------------------------
---------------------------------------------------------------------------------
Start Handling Custom Attributes
---------------------------------------------------------------------------------
---------------------------------------------------------------------------------
Finished Handling Custom Attributes : Time (s): cpu = 00:00:12 ; elapsed = 00:00:13 . Memory (MB): peak = 1362.844 ; gain = 334.613
---------------------------------------------------------------------------------
---------------------------------------------------------------------------------
Finished RTL Optimization Phase 1 : Time (s): cpu = 00:00:12 ; elapsed = 00:00:13 . Memory (MB): peak = 1362.844 ; gain = 334.613
---------------------------------------------------------------------------------
Netlist sorting complete. Time (s): cpu = 00:00:00 ; elapsed = 00:00:00.001 . Memory (MB): peak = 1362.844 ; gain = 0.000
INFO: [Project 1-570] Preparing netlist for logic optimization

Processing XDC Constraints
Initializing timing engine
Parsing XDC File [C:/Users/Caetano/Desktop/PED1/Semana 10/Trabalho_4_Grupo_12/Semana10_Trabalho4.srcs/constrs_1/imports/Telegram Desktop/Basys3_Master.xdc]
WARNING: [Vivado 12-584] No ports matched 'seletor'. [C:/Users/Caetano/Desktop/PED1/Semana 10/Trabalho_4_Grupo_12/Semana10_Trabalho4.srcs/constrs_1/imports/Telegram Desktop/Basys3_Master.xdc:182]
CRITICAL WARNING: [Common 17-55] 'set_property' expects at least one object. [C:/Users/Caetano/Desktop/PED1/Semana 10/Trabalho_4_Grupo_12/Semana10_Trabalho4.srcs/constrs_1/imports/Telegram Desktop/Basys3_Master.xdc:182]
Resolution: If [get_<value>] was used to populate the object, check to make sure this command returns at least one valid object.
WARNING: [Vivado 12-584] No ports matched 'seletor'. [C:/Users/Caetano/Desktop/PED1/Semana 10/Trabalho_4_Grupo_12/Semana10_Trabalho4.srcs/constrs_1/imports/Telegram Desktop/Basys3_Master.xdc:183]
CRITICAL WARNING: [Common 17-55] 'set_property' expects at least one object. [C:/Users/Caetano/Desktop/PED1/Semana 10/Trabalho_4_Grupo_12/Semana10_Trabalho4.srcs/constrs_1/imports/Telegram Desktop/Basys3_Master.xdc:183]
Resolution: If [get_<value>] was used to populate the object, check to make sure this command returns at least one valid object.
Finished Parsing XDC File [C:/Users/Caetano/Desktop/PED1/Semana 10/Trabalho_4_Grupo_12/Semana10_Trabalho4.srcs/constrs_1/imports/Telegram Desktop/Basys3_Master.xdc]
Completed Processing XDC Constraints

Netlist sorting complete. Time (s): cpu = 00:00:00 ; elapsed = 00:00:00 . Memory (MB): peak = 1390.918 ; gain = 0.000
INFO: [Project 1-111] Unisim Transformation Summary:
No Unisim elements were transformed.

RTL Elaboration Complete:  : Time (s): cpu = 00:00:37 ; elapsed = 00:00:26 . Memory (MB): peak = 1471.699 ; gain = 443.469
14 Infos, 2 Warnings, 2 Critical Warnings and 0 Errors encountered.
synth_design completed successfully
synth_design: Time (s): cpu = 00:00:49 ; elapsed = 00:00:40 . Memory (MB): peak = 1471.699 ; gain = 471.203
refresh_design
INFO: [Project 1-570] Preparing netlist for logic optimization

Processing XDC Constraints
Initializing timing engine
Parsing XDC File [C:/Users/Caetano/Desktop/PED1/Semana 10/Trabalho_4_Grupo_12/Semana10_Trabalho4.srcs/constrs_1/imports/Telegram Desktop/Basys3_Master.xdc]
WARNING: [Vivado 12-584] No ports matched 'seletor[0]'. [C:/Users/Caetano/Desktop/PED1/Semana 10/Trabalho_4_Grupo_12/Semana10_Trabalho4.srcs/constrs_1/imports/Telegram Desktop/Basys3_Master.xdc:182]
CRITICAL WARNING: [Common 17-55] 'set_property' expects at least one object. [C:/Users/Caetano/Desktop/PED1/Semana 10/Trabalho_4_Grupo_12/Semana10_Trabalho4.srcs/constrs_1/imports/Telegram Desktop/Basys3_Master.xdc:182]
Resolution: If [get_<value>] was used to populate the object, check to make sure this command returns at least one valid object.
WARNING: [Vivado 12-584] No ports matched 'seletor[0]'. [C:/Users/Caetano/Desktop/PED1/Semana 10/Trabalho_4_Grupo_12/Semana10_Trabalho4.srcs/constrs_1/imports/Telegram Desktop/Basys3_Master.xdc:183]
CRITICAL WARNING: [Common 17-55] 'set_property' expects at least one object. [C:/Users/Caetano/Desktop/PED1/Semana 10/Trabalho_4_Grupo_12/Semana10_Trabalho4.srcs/constrs_1/imports/Telegram Desktop/Basys3_Master.xdc:183]
Resolution: If [get_<value>] was used to populate the object, check to make sure this command returns at least one valid object.
WARNING: [Vivado 12-584] No ports matched 'seletor[1]'. [C:/Users/Caetano/Desktop/PED1/Semana 10/Trabalho_4_Grupo_12/Semana10_Trabalho4.srcs/constrs_1/imports/Telegram Desktop/Basys3_Master.xdc:185]
CRITICAL WARNING: [Common 17-55] 'set_property' expects at least one object. [C:/Users/Caetano/Desktop/PED1/Semana 10/Trabalho_4_Grupo_12/Semana10_Trabalho4.srcs/constrs_1/imports/Telegram Desktop/Basys3_Master.xdc:185]
Resolution: If [get_<value>] was used to populate the object, check to make sure this command returns at least one valid object.
WARNING: [Vivado 12-584] No ports matched 'seletor[1]'. [C:/Users/Caetano/Desktop/PED1/Semana 10/Trabalho_4_Grupo_12/Semana10_Trabalho4.srcs/constrs_1/imports/Telegram Desktop/Basys3_Master.xdc:186]
CRITICAL WARNING: [Common 17-55] 'set_property' expects at least one object. [C:/Users/Caetano/Desktop/PED1/Semana 10/Trabalho_4_Grupo_12/Semana10_Trabalho4.srcs/constrs_1/imports/Telegram Desktop/Basys3_Master.xdc:186]
Resolution: If [get_<value>] was used to populate the object, check to make sure this command returns at least one valid object.
WARNING: [Vivado 12-584] No ports matched 'seletor[2]'. [C:/Users/Caetano/Desktop/PED1/Semana 10/Trabalho_4_Grupo_12/Semana10_Trabalho4.srcs/constrs_1/imports/Telegram Desktop/Basys3_Master.xdc:188]
CRITICAL WARNING: [Common 17-55] 'set_property' expects at least one object. [C:/Users/Caetano/Desktop/PED1/Semana 10/Trabalho_4_Grupo_12/Semana10_Trabalho4.srcs/constrs_1/imports/Telegram Desktop/Basys3_Master.xdc:188]
Resolution: If [get_<value>] was used to populate the object, check to make sure this command returns at least one valid object.
WARNING: [Vivado 12-584] No ports matched 'seletor[2]'. [C:/Users/Caetano/Desktop/PED1/Semana 10/Trabalho_4_Grupo_12/Semana10_Trabalho4.srcs/constrs_1/imports/Telegram Desktop/Basys3_Master.xdc:189]
CRITICAL WARNING: [Common 17-55] 'set_property' expects at least one object. [C:/Users/Caetano/Desktop/PED1/Semana 10/Trabalho_4_Grupo_12/Semana10_Trabalho4.srcs/constrs_1/imports/Telegram Desktop/Basys3_Master.xdc:189]
Resolution: If [get_<value>] was used to populate the object, check to make sure this command returns at least one valid object.
WARNING: [Vivado 12-584] No ports matched 'seletor[3]'. [C:/Users/Caetano/Desktop/PED1/Semana 10/Trabalho_4_Grupo_12/Semana10_Trabalho4.srcs/constrs_1/imports/Telegram Desktop/Basys3_Master.xdc:191]
CRITICAL WARNING: [Common 17-55] 'set_property' expects at least one object. [C:/Users/Caetano/Desktop/PED1/Semana 10/Trabalho_4_Grupo_12/Semana10_Trabalho4.srcs/constrs_1/imports/Telegram Desktop/Basys3_Master.xdc:191]
Resolution: If [get_<value>] was used to populate the object, check to make sure this command returns at least one valid object.
WARNING: [Vivado 12-584] No ports matched 'seletor[3]'. [C:/Users/Caetano/Desktop/PED1/Semana 10/Trabalho_4_Grupo_12/Semana10_Trabalho4.srcs/constrs_1/imports/Telegram Desktop/Basys3_Master.xdc:192]
CRITICAL WARNING: [Common 17-55] 'set_property' expects at least one object. [C:/Users/Caetano/Desktop/PED1/Semana 10/Trabalho_4_Grupo_12/Semana10_Trabalho4.srcs/constrs_1/imports/Telegram Desktop/Basys3_Master.xdc:192]
Resolution: If [get_<value>] was used to populate the object, check to make sure this command returns at least one valid object.
Finished Parsing XDC File [C:/Users/Caetano/Desktop/PED1/Semana 10/Trabalho_4_Grupo_12/Semana10_Trabalho4.srcs/constrs_1/imports/Telegram Desktop/Basys3_Master.xdc]
Completed Processing XDC Constraints

refresh_design: Time (s): cpu = 00:00:33 ; elapsed = 00:00:26 . Memory (MB): peak = 1485.051 ; gain = 11.824
refresh_design
INFO: [Project 1-570] Preparing netlist for logic optimization

Processing XDC Constraints
Initializing timing engine
Parsing XDC File [C:/Users/Caetano/Desktop/PED1/Semana 10/Trabalho_4_Grupo_12/Semana10_Trabalho4.srcs/constrs_1/imports/Telegram Desktop/Basys3_Master.xdc]
Finished Parsing XDC File [C:/Users/Caetano/Desktop/PED1/Semana 10/Trabalho_4_Grupo_12/Semana10_Trabalho4.srcs/constrs_1/imports/Telegram Desktop/Basys3_Master.xdc]
Completed Processing XDC Constraints

refresh_design: Time (s): cpu = 00:00:34 ; elapsed = 00:00:25 . Memory (MB): peak = 1485.875 ; gain = 0.824
