#-----------------------------------------------------------
# Vivado v2020.2 (64-bit)
# SW Build 3064766 on Wed Nov 18 09:12:45 MST 2020
# IP Build 3064653 on Wed Nov 18 14:17:31 MST 2020
# Start of session at: Sun Oct 10 15:47:36 2021
# Process ID: 1036
# Current directory: C:/Users/Caetano/Desktop/PED1/Semana 11/exer.semana_universitaria/exemplo_11
# Command line: vivado.exe -gui_launcher_event rodinguilauncherevent10068 C:\Users\Caetano\Desktop\PED1\Semana 11\exer.semana_universitaria\exemplo_11\exemplo_11.xpr
# Log file: C:/Users/Caetano/Desktop/PED1/Semana 11/exer.semana_universitaria/exemplo_11/vivado.log
# Journal file: C:/Users/Caetano/Desktop/PED1/Semana 11/exer.semana_universitaria/exemplo_11\vivado.jou
#-----------------------------------------------------------
start_gui
open_project {C:/Users/Caetano/Desktop/PED1/Semana 11/exer.semana_universitaria/exemplo_11/exemplo_11.xpr}
INFO: [Project 1-313] Project file moved from 'C:/Users/micka/OneDrive/rea de Trabalho/exer.semana_universitaria/exemplo_11' since last save.
WARNING: [filemgmt 56-2] Default IP Output Path : Could not find the directory 'C:/Users/Caetano/Desktop/PED1/Semana 11/exer.semana_universitaria/exemplo_11/exemplo_11.gen/sources_1', nor could it be found using path 'C:/Users/micka/OneDrive/rea de Trabalho/exer.semana_universitaria/exemplo_11/exemplo_11.gen/sources_1'.
Scanning sources...
Finished scanning sources
INFO: [IP_Flow 19-234] Refreshing IP repositories
INFO: [IP_Flow 19-1704] No user IP repositories specified
INFO: [IP_Flow 19-2313] Loaded Vivado IP repository 'C:/Xilinx/Vivado/2020.2/data/ip'.
open_project: Time (s): cpu = 00:00:46 ; elapsed = 00:00:23 . Memory (MB): peak = 1000.918 ; gain = 0.000
update_compile_order -fileset sources_1
WARNING: [filemgmt 56-199] Attempt to get parsing info during refresh. "On-the-fly" syntax checking information may be incorrect. [C:\Users\Caetano\Desktop\PED1\Semana 11\exer.semana_universitaria\exemplo_11\exemplo_11.srcs\sources_1\new\BCD_7seg.vhd:]
WARNING: [filemgmt 56-199] Attempt to get parsing info during refresh. "On-the-fly" syntax checking information may be incorrect. [C:\Users\Caetano\Desktop\PED1\Semana 11\exer.semana_universitaria\exemplo_11\exemplo_11.srcs\sources_1\new\clock_menor.vhd:]
ERROR: [Common 17-180] Spawn failed: No error
synth_design -rtl -rtl_skip_mlo -name rtl_1
Command: synth_design -rtl -rtl_skip_mlo -name rtl_1
Starting synth_design
Using part: xc7a35tcpg236-1
Top: BCD_7seg
INFO: [Device 21-403] Loading part xc7a35tcpg236-1
INFO: [Common 17-41] Interrupt caught. Command should exit soon.
2 Infos, 0 Warnings, 0 Critical Warnings and 0 Errors encountered.
synth_design completed successfully
synth_design: Time (s): cpu = 00:00:11 ; elapsed = 00:00:15 . Memory (MB): peak = 1000.918 ; gain = 0.000
INFO: [Common 17-344] 'synth_design' was cancelled
