#-----------------------------------------------------------
# Vivado v2020.2 (64-bit)
# SW Build 3064766 on Wed Nov 18 09:12:45 MST 2020
# IP Build 3064653 on Wed Nov 18 14:17:31 MST 2020
# Start of session at: Sun Oct 10 21:21:07 2021
# Process ID: 13208
# Current directory: C:/Users/Caetano/Desktop/PED1/Semana 11/exer.semana_universitaria/exemplo_11
# Command line: vivado.exe -gui_launcher_event rodinguilauncherevent5344 C:\Users\Caetano\Desktop\PED1\Semana 11\exer.semana_universitaria\exemplo_11\exemplo_11.xpr
# Log file: C:/Users/Caetano/Desktop/PED1/Semana 11/exer.semana_universitaria/exemplo_11/vivado.log
# Journal file: C:/Users/Caetano/Desktop/PED1/Semana 11/exer.semana_universitaria/exemplo_11\vivado.jou
#-----------------------------------------------------------
start_gui
open_project {C:/Users/Caetano/Desktop/PED1/Semana 11/exer.semana_universitaria/exemplo_11/exemplo_11.xpr}
INFO: [Project 1-313] Project file moved from 'C:/Users/micka/OneDrive/rea de Trabalho/exer.semana_universitaria/exemplo_11' since last save.
WARNING: [filemgmt 56-2] Default IP Output Path : Could not find the directory 'C:/Users/Caetano/Desktop/PED1/Semana 11/exer.semana_universitaria/exemplo_11/exemplo_11.gen/sources_1', nor could it be found using path 'C:/Users/micka/OneDrive/rea de Trabalho/exer.semana_universitaria/exemplo_11/exemplo_11.gen/sources_1'.
Scanning sources...
Finished scanning sources
INFO: [IP_Flow 19-234] Refreshing IP repositories
INFO: [IP_Flow 19-1704] No user IP repositories specified
INFO: [IP_Flow 19-2313] Loaded Vivado IP repository 'C:/Xilinx/Vivado/2020.2/data/ip'.
open_project: Time (s): cpu = 00:00:22 ; elapsed = 00:00:10 . Memory (MB): peak = 1000.504 ; gain = 0.000
update_compile_order -fileset sources_1
exit
INFO: [Common 17-206] Exiting Vivado at Sun Oct 10 22:14:50 2021...
