Vivado Simulator 2020.2
Copyright 1986-1999, 2001-2020 Xilinx, Inc. All Rights Reserved.
Running: C:/Xilinx/Vivado/2020.2/bin/unwrapped/win64.o/xelab.exe -wto 99ef4fd80dc846fca07163b194e9205b --incr --debug typical --relax --mt 2 -L xil_defaultlib -L secureip --snapshot tb_somasub_behav xil_defaultlib.tb_somasub -log elaborate.log 
Using 2 slave threads.
Starting static elaboration
Completed static elaboration
Starting simulation data flow analysis
Completed simulation data flow analysis
Time Resolution for simulation is 1ps
Compiling package std.standard
Compiling package std.textio
Compiling package ieee.std_logic_1164
Compiling package ieee.std_logic_arith
Compiling package ieee.std_logic_unsigned
Compiling package ieee.numeric_std
Compiling package ieee.std_logic_signed
Compiling architecture behavioral of entity xil_defaultlib.inversor [inversor_default]
Compiling architecture behavioral of entity xil_defaultlib.mux2x1 [mux2x1_default]
Compiling architecture behavioral of entity xil_defaultlib.somador [somador_default]
Compiling architecture behavioral of entity xil_defaultlib.somador4 [somador4_default]
Compiling architecture behavioral of entity xil_defaultlib.somasub [somasub_default]
Compiling architecture behavioral of entity xil_defaultlib.tb_somasub
Built simulation snapshot tb_somasub_behav
