#-----------------------------------------------------------
# Vivado v2020.2 (64-bit)
# SW Build 3064766 on Wed Nov 18 09:12:45 MST 2020
# IP Build 3064653 on Wed Nov 18 14:17:31 MST 2020
# Start of session at: Wed Oct  6 17:19:27 2021
# Process ID: 12400
# Current directory: C:/Users/Caetano/Desktop/PED1/Semana 10/Trabalho_4_Grupo_12
# Command line: vivado.exe -gui_launcher_event rodinguilauncherevent480 C:\Users\Caetano\Desktop\PED1\Semana 10\Trabalho_4_Grupo_12\Semana10_Trabalho4.xpr
# Log file: C:/Users/Caetano/Desktop/PED1/Semana 10/Trabalho_4_Grupo_12/vivado.log
# Journal file: C:/Users/Caetano/Desktop/PED1/Semana 10/Trabalho_4_Grupo_12\vivado.jou
#-----------------------------------------------------------
start_gui
open_project {C:/Users/Caetano/Desktop/PED1/Semana 10/Trabalho_4_Grupo_12/Semana10_Trabalho4.xpr}
INFO: [Project 1-313] Project file moved from 'C:/Users/Caetano/Desktop/PED1/Semana 10/Grupo12_Semana10_Trabalho4' since last save.
WARNING: [filemgmt 56-2] Default IP Output Path : Could not find the directory 'C:/Users/Caetano/Desktop/PED1/Semana 10/Trabalho_4_Grupo_12/Semana10_Trabalho4.gen/sources_1', nor could it be found using path 'C:/Users/Caetano/Desktop/PED1/Semana 10/Grupo12_Semana10_Trabalho4/Semana10_Trabalho4.gen/sources_1'.
Scanning sources...
Finished scanning sources
INFO: [IP_Flow 19-234] Refreshing IP repositories
INFO: [IP_Flow 19-1704] No user IP repositories specified
INFO: [IP_Flow 19-2313] Loaded Vivado IP repository 'C:/Xilinx/Vivado/2020.2/data/ip'.
open_project: Time (s): cpu = 00:01:05 ; elapsed = 00:00:35 . Memory (MB): peak = 1001.203 ; gain = 0.000
update_compile_order -fileset sources_1
exit
INFO: [Common 17-206] Exiting Vivado at Wed Oct  6 18:51:09 2021...
