
*** Running vivado
    with args -log main_counter_async_0toF.vds -m64 -product Vivado -mode batch -messageDb vivado.pb -notrace -source main_counter_async_0toF.tcl



****** Vivado v2020.2 (64-bit)
  **** SW Build 3064766 on Wed Nov 18 09:12:45 MST 2020
  **** IP Build 3064653 on Wed Nov 18 14:17:31 MST 2020
    ** Copyright 1986-2020 Xilinx, Inc. All Rights Reserved.

source main_counter_async_0toF.tcl -notrace
Command: synth_design -top main_counter_async_0toF -part xc7a35tcpg236-1
Starting synth_design
Attempting to get a license for feature 'Synthesis' and/or device 'xc7a35t'
INFO: [Common 17-349] Got license for feature 'Synthesis' and/or device 'xc7a35t'
INFO: [Device 21-403] Loading part xc7a35tcpg236-1
INFO: [Synth 8-7079] Multithreading enabled for synth_design using a maximum of 2 processes.
INFO: [Synth 8-7078] Launching helper process for spawning children vivado processes
INFO: [Synth 8-7075] Helper process launched with PID 12576
---------------------------------------------------------------------------------
Starting RTL Elaboration : Time (s): cpu = 00:00:13 ; elapsed = 00:00:20 . Memory (MB): peak = 999.668 ; gain = 0.000
---------------------------------------------------------------------------------
INFO: [Synth 8-638] synthesizing module 'main_counter_async_0toF' [C:/Users/Caetano/Desktop/PED1/Semana 14/Trabalho_7_Grupo_12/Trabalho_7_Grupo_12.srcs/sources_1/new/main_counter_async_0toF.vhd:14]
INFO: [Synth 8-3491] module 'divisor_clock' declared at 'C:/Users/Caetano/Desktop/PED1/Semana 14/Trabalho_7_Grupo_12/Trabalho_7_Grupo_12.srcs/sources_1/imports/new/divisor_clock.vhd:6' bound to instance 'clock' of component 'divisor_clock' [C:/Users/Caetano/Desktop/PED1/Semana 14/Trabalho_7_Grupo_12/Trabalho_7_Grupo_12.srcs/sources_1/new/main_counter_async_0toF.vhd:40]
INFO: [Synth 8-638] synthesizing module 'divisor_clock' [C:/Users/Caetano/Desktop/PED1/Semana 14/Trabalho_7_Grupo_12/Trabalho_7_Grupo_12.srcs/sources_1/imports/new/divisor_clock.vhd:12]
INFO: [Synth 8-256] done synthesizing module 'divisor_clock' (1#1) [C:/Users/Caetano/Desktop/PED1/Semana 14/Trabalho_7_Grupo_12/Trabalho_7_Grupo_12.srcs/sources_1/imports/new/divisor_clock.vhd:12]
INFO: [Synth 8-3491] module 'ff_jk' declared at 'C:/Users/Caetano/Desktop/PED1/Semana 14/Trabalho_7_Grupo_12/Trabalho_7_Grupo_12.srcs/sources_1/new/ff_jk.vhd:4' bound to instance 'ffA' of component 'ff_jk' [C:/Users/Caetano/Desktop/PED1/Semana 14/Trabalho_7_Grupo_12/Trabalho_7_Grupo_12.srcs/sources_1/new/main_counter_async_0toF.vhd:46]
INFO: [Synth 8-638] synthesizing module 'ff_jk' [C:/Users/Caetano/Desktop/PED1/Semana 14/Trabalho_7_Grupo_12/Trabalho_7_Grupo_12.srcs/sources_1/new/ff_jk.vhd:13]
WARNING: [Synth 8-614] signal 'CLR' is read in the process but is not in the sensitivity list [C:/Users/Caetano/Desktop/PED1/Semana 14/Trabalho_7_Grupo_12/Trabalho_7_Grupo_12.srcs/sources_1/new/ff_jk.vhd:18]
INFO: [Synth 8-256] done synthesizing module 'ff_jk' (2#1) [C:/Users/Caetano/Desktop/PED1/Semana 14/Trabalho_7_Grupo_12/Trabalho_7_Grupo_12.srcs/sources_1/new/ff_jk.vhd:13]
INFO: [Synth 8-3491] module 'ff_jk' declared at 'C:/Users/Caetano/Desktop/PED1/Semana 14/Trabalho_7_Grupo_12/Trabalho_7_Grupo_12.srcs/sources_1/new/ff_jk.vhd:4' bound to instance 'ffB' of component 'ff_jk' [C:/Users/Caetano/Desktop/PED1/Semana 14/Trabalho_7_Grupo_12/Trabalho_7_Grupo_12.srcs/sources_1/new/main_counter_async_0toF.vhd:47]
INFO: [Synth 8-3491] module 'ff_jk' declared at 'C:/Users/Caetano/Desktop/PED1/Semana 14/Trabalho_7_Grupo_12/Trabalho_7_Grupo_12.srcs/sources_1/new/ff_jk.vhd:4' bound to instance 'ffC' of component 'ff_jk' [C:/Users/Caetano/Desktop/PED1/Semana 14/Trabalho_7_Grupo_12/Trabalho_7_Grupo_12.srcs/sources_1/new/main_counter_async_0toF.vhd:48]
INFO: [Synth 8-3491] module 'ff_jk' declared at 'C:/Users/Caetano/Desktop/PED1/Semana 14/Trabalho_7_Grupo_12/Trabalho_7_Grupo_12.srcs/sources_1/new/ff_jk.vhd:4' bound to instance 'ffD' of component 'ff_jk' [C:/Users/Caetano/Desktop/PED1/Semana 14/Trabalho_7_Grupo_12/Trabalho_7_Grupo_12.srcs/sources_1/new/main_counter_async_0toF.vhd:49]
INFO: [Synth 8-3491] module 'BCD_7S_0toF' declared at 'C:/Users/Caetano/Desktop/PED1/Semana 14/Trabalho_7_Grupo_12/Trabalho_7_Grupo_12.srcs/sources_1/new/BCD_7S_0toF.vhd:4' bound to instance 'display' of component 'BCD_7S_0toF' [C:/Users/Caetano/Desktop/PED1/Semana 14/Trabalho_7_Grupo_12/Trabalho_7_Grupo_12.srcs/sources_1/new/main_counter_async_0toF.vhd:52]
INFO: [Synth 8-638] synthesizing module 'BCD_7S_0toF' [C:/Users/Caetano/Desktop/PED1/Semana 14/Trabalho_7_Grupo_12/Trabalho_7_Grupo_12.srcs/sources_1/new/BCD_7S_0toF.vhd:9]
INFO: [Synth 8-226] default block is never used [C:/Users/Caetano/Desktop/PED1/Semana 14/Trabalho_7_Grupo_12/Trabalho_7_Grupo_12.srcs/sources_1/new/BCD_7S_0toF.vhd:12]
INFO: [Synth 8-256] done synthesizing module 'BCD_7S_0toF' (3#1) [C:/Users/Caetano/Desktop/PED1/Semana 14/Trabalho_7_Grupo_12/Trabalho_7_Grupo_12.srcs/sources_1/new/BCD_7S_0toF.vhd:9]
INFO: [Synth 8-256] done synthesizing module 'main_counter_async_0toF' (4#1) [C:/Users/Caetano/Desktop/PED1/Semana 14/Trabalho_7_Grupo_12/Trabalho_7_Grupo_12.srcs/sources_1/new/main_counter_async_0toF.vhd:14]
---------------------------------------------------------------------------------
Finished RTL Elaboration : Time (s): cpu = 00:00:16 ; elapsed = 00:00:24 . Memory (MB): peak = 999.668 ; gain = 0.000
---------------------------------------------------------------------------------
---------------------------------------------------------------------------------
Start Handling Custom Attributes
---------------------------------------------------------------------------------
---------------------------------------------------------------------------------
Finished Handling Custom Attributes : Time (s): cpu = 00:00:17 ; elapsed = 00:00:26 . Memory (MB): peak = 999.668 ; gain = 0.000
---------------------------------------------------------------------------------
---------------------------------------------------------------------------------
Finished RTL Optimization Phase 1 : Time (s): cpu = 00:00:17 ; elapsed = 00:00:26 . Memory (MB): peak = 999.668 ; gain = 0.000
---------------------------------------------------------------------------------
Netlist sorting complete. Time (s): cpu = 00:00:00 ; elapsed = 00:00:00.005 . Memory (MB): peak = 999.668 ; gain = 0.000
INFO: [Project 1-570] Preparing netlist for logic optimization

Processing XDC Constraints
Initializing timing engine
Parsing XDC File [C:/Users/Caetano/Desktop/PED1/Semana 14/Trabalho_7_Grupo_12/Trabalho_7_Grupo_12.srcs/constrs_1/imports/PED1/Basys3_Master.xdc]
Finished Parsing XDC File [C:/Users/Caetano/Desktop/PED1/Semana 14/Trabalho_7_Grupo_12/Trabalho_7_Grupo_12.srcs/constrs_1/imports/PED1/Basys3_Master.xdc]
INFO: [Project 1-236] Implementation specific constraints were found while reading constraint file [C:/Users/Caetano/Desktop/PED1/Semana 14/Trabalho_7_Grupo_12/Trabalho_7_Grupo_12.srcs/constrs_1/imports/PED1/Basys3_Master.xdc]. These constraints will be ignored for synthesis but will be used in implementation. Impacted constraints are listed in the file [.Xil/main_counter_async_0toF_propImpl.xdc].
Resolution: To avoid this warning, move constraints listed in [.Xil/main_counter_async_0toF_propImpl.xdc] to another XDC file and exclude this new file from synthesis with the used_in_synthesis property (File Properties dialog in GUI) and re-run elaboration/synthesis.
Completed Processing XDC Constraints

Netlist sorting complete. Time (s): cpu = 00:00:00 ; elapsed = 00:00:00 . Memory (MB): peak = 999.668 ; gain = 0.000
INFO: [Project 1-111] Unisim Transformation Summary:
No Unisim elements were transformed.

Constraint Validation Runtime : Time (s): cpu = 00:00:00 ; elapsed = 00:00:00.012 . Memory (MB): peak = 999.668 ; gain = 0.000
---------------------------------------------------------------------------------
Finished Constraint Validation : Time (s): cpu = 00:00:34 ; elapsed = 00:00:49 . Memory (MB): peak = 999.668 ; gain = 0.000
---------------------------------------------------------------------------------
---------------------------------------------------------------------------------
Start Loading Part and Timing Information
---------------------------------------------------------------------------------
Loading part: xc7a35tcpg236-1
---------------------------------------------------------------------------------
Finished Loading Part and Timing Information : Time (s): cpu = 00:00:34 ; elapsed = 00:00:49 . Memory (MB): peak = 999.668 ; gain = 0.000
---------------------------------------------------------------------------------
---------------------------------------------------------------------------------
Start Applying 'set_property' XDC Constraints
---------------------------------------------------------------------------------
---------------------------------------------------------------------------------
Finished applying 'set_property' XDC Constraints : Time (s): cpu = 00:00:34 ; elapsed = 00:00:49 . Memory (MB): peak = 999.668 ; gain = 0.000
---------------------------------------------------------------------------------
---------------------------------------------------------------------------------
Finished RTL Optimization Phase 2 : Time (s): cpu = 00:00:34 ; elapsed = 00:00:50 . Memory (MB): peak = 999.668 ; gain = 0.000
---------------------------------------------------------------------------------
---------------------------------------------------------------------------------
Start RTL Component Statistics 
---------------------------------------------------------------------------------
Detailed RTL Component Info : 
+---Registers : 
	                1 Bit    Registers := 5     
+---Muxes : 
	   2 Input    1 Bit        Muxes := 12    
---------------------------------------------------------------------------------
Finished RTL Component Statistics 
---------------------------------------------------------------------------------
---------------------------------------------------------------------------------
Start Part Resource Summary
---------------------------------------------------------------------------------
Part Resources:
DSPs: 90 (col length:60)
BRAMs: 100 (col length: RAMB18 60 RAMB36 30)
---------------------------------------------------------------------------------
Finished Part Resource Summary
---------------------------------------------------------------------------------
---------------------------------------------------------------------------------
Start Cross Boundary and Area Optimization
---------------------------------------------------------------------------------
---------------------------------------------------------------------------------
Finished Cross Boundary and Area Optimization : Time (s): cpu = 00:00:38 ; elapsed = 00:00:55 . Memory (MB): peak = 999.668 ; gain = 0.000
---------------------------------------------------------------------------------
---------------------------------------------------------------------------------
Start Applying XDC Timing Constraints
---------------------------------------------------------------------------------
---------------------------------------------------------------------------------
Finished Applying XDC Timing Constraints : Time (s): cpu = 00:01:01 ; elapsed = 00:01:25 . Memory (MB): peak = 999.668 ; gain = 0.000
---------------------------------------------------------------------------------
---------------------------------------------------------------------------------
Start Timing Optimization
---------------------------------------------------------------------------------
---------------------------------------------------------------------------------
Finished Timing Optimization : Time (s): cpu = 00:01:02 ; elapsed = 00:01:25 . Memory (MB): peak = 999.668 ; gain = 0.000
---------------------------------------------------------------------------------
---------------------------------------------------------------------------------
Start Technology Mapping
---------------------------------------------------------------------------------
---------------------------------------------------------------------------------
Finished Technology Mapping : Time (s): cpu = 00:01:02 ; elapsed = 00:01:26 . Memory (MB): peak = 999.668 ; gain = 0.000
---------------------------------------------------------------------------------
---------------------------------------------------------------------------------
Start IO Insertion
---------------------------------------------------------------------------------
---------------------------------------------------------------------------------
Start Flattening Before IO Insertion
---------------------------------------------------------------------------------
---------------------------------------------------------------------------------
Finished Flattening Before IO Insertion
---------------------------------------------------------------------------------
---------------------------------------------------------------------------------
Start Final Netlist Cleanup
---------------------------------------------------------------------------------
---------------------------------------------------------------------------------
Finished Final Netlist Cleanup
---------------------------------------------------------------------------------
---------------------------------------------------------------------------------
Finished IO Insertion : Time (s): cpu = 00:01:15 ; elapsed = 00:01:48 . Memory (MB): peak = 999.668 ; gain = 0.000
---------------------------------------------------------------------------------
---------------------------------------------------------------------------------
Start Renaming Generated Instances
---------------------------------------------------------------------------------
---------------------------------------------------------------------------------
Finished Renaming Generated Instances : Time (s): cpu = 00:01:15 ; elapsed = 00:01:48 . Memory (MB): peak = 999.668 ; gain = 0.000
---------------------------------------------------------------------------------
---------------------------------------------------------------------------------
Start Rebuilding User Hierarchy
---------------------------------------------------------------------------------
---------------------------------------------------------------------------------
Finished Rebuilding User Hierarchy : Time (s): cpu = 00:01:15 ; elapsed = 00:01:48 . Memory (MB): peak = 999.668 ; gain = 0.000
---------------------------------------------------------------------------------
---------------------------------------------------------------------------------
Start Renaming Generated Ports
---------------------------------------------------------------------------------
---------------------------------------------------------------------------------
Finished Renaming Generated Ports : Time (s): cpu = 00:01:15 ; elapsed = 00:01:48 . Memory (MB): peak = 999.668 ; gain = 0.000
---------------------------------------------------------------------------------
---------------------------------------------------------------------------------
Start Handling Custom Attributes
---------------------------------------------------------------------------------
---------------------------------------------------------------------------------
Finished Handling Custom Attributes : Time (s): cpu = 00:01:15 ; elapsed = 00:01:48 . Memory (MB): peak = 999.668 ; gain = 0.000
---------------------------------------------------------------------------------
---------------------------------------------------------------------------------
Start Renaming Generated Nets
---------------------------------------------------------------------------------
---------------------------------------------------------------------------------
Finished Renaming Generated Nets : Time (s): cpu = 00:01:15 ; elapsed = 00:01:48 . Memory (MB): peak = 999.668 ; gain = 0.000
---------------------------------------------------------------------------------
---------------------------------------------------------------------------------
Start Writing Synthesis Report
---------------------------------------------------------------------------------

Report BlackBoxes: 
+-+--------------+----------+
| |BlackBox name |Instances |
+-+--------------+----------+
+-+--------------+----------+

Report Cell Usage: 
+------+-------+------+
|      |Cell   |Count |
+------+-------+------+
|1     |BUFG   |     1|
|2     |CARRY4 |     7|
|3     |LUT1   |     4|
|4     |LUT2   |    30|
|5     |LUT3   |     1|
|6     |LUT4   |    11|
|7     |LUT6   |     3|
|8     |FDCE   |    32|
|9     |IBUF   |     3|
|10    |OBUF   |    12|
+------+-------+------+
---------------------------------------------------------------------------------
Finished Writing Synthesis Report : Time (s): cpu = 00:01:15 ; elapsed = 00:01:48 . Memory (MB): peak = 999.668 ; gain = 0.000
---------------------------------------------------------------------------------
Synthesis finished with 0 errors, 0 critical warnings and 0 warnings.
Synthesis Optimization Runtime : Time (s): cpu = 00:00:53 ; elapsed = 00:01:40 . Memory (MB): peak = 999.668 ; gain = 0.000
Synthesis Optimization Complete : Time (s): cpu = 00:01:16 ; elapsed = 00:01:48 . Memory (MB): peak = 999.668 ; gain = 0.000
INFO: [Project 1-571] Translating synthesized netlist
Netlist sorting complete. Time (s): cpu = 00:00:00 ; elapsed = 00:00:00.002 . Memory (MB): peak = 999.668 ; gain = 0.000
INFO: [Netlist 29-17] Analyzing 7 Unisim elements for replacement
INFO: [Netlist 29-28] Unisim Transformation completed in 0 CPU seconds
INFO: [Project 1-570] Preparing netlist for logic optimization
INFO: [Opt 31-138] Pushed 0 inverter(s) to 0 load pin(s).
Netlist sorting complete. Time (s): cpu = 00:00:00 ; elapsed = 00:00:00 . Memory (MB): peak = 999.668 ; gain = 0.000
INFO: [Project 1-111] Unisim Transformation Summary:
No Unisim elements were transformed.

INFO: [Common 17-83] Releasing license: Synthesis
30 Infos, 1 Warnings, 0 Critical Warnings and 0 Errors encountered.
synth_design completed successfully
synth_design: Time (s): cpu = 00:01:30 ; elapsed = 00:02:23 . Memory (MB): peak = 999.668 ; gain = 0.000
INFO: [Common 17-1381] The checkpoint 'C:/Users/Caetano/Desktop/PED1/Semana 14/Trabalho_7_Grupo_12/Trabalho_7_Grupo_12.runs/synth_1/main_counter_async_0toF.dcp' has been generated.
INFO: [runtcl-4] Executing : report_utilization -file main_counter_async_0toF_utilization_synth.rpt -pb main_counter_async_0toF_utilization_synth.pb
INFO: [Common 17-206] Exiting Vivado at Thu Oct 21 11:45:25 2021...
