#-----------------------------------------------------------
# Vivado v2020.2 (64-bit)
# SW Build 3064766 on Wed Nov 18 09:12:45 MST 2020
# IP Build 3064653 on Wed Nov 18 14:17:31 MST 2020
# Start of session at: Wed Oct  6 16:48:23 2021
# Process ID: 16416
# Current directory: C:/Users/Caetano/Desktop/PED1/Semana 11/somadorsub/somadorsub/somador
# Command line: vivado.exe -gui_launcher_event rodinguilauncherevent13604 C:\Users\Caetano\Desktop\PED1\Semana 11\somadorsub\somadorsub\somador\somador.xpr
# Log file: C:/Users/Caetano/Desktop/PED1/Semana 11/somadorsub/somadorsub/somador/vivado.log
# Journal file: C:/Users/Caetano/Desktop/PED1/Semana 11/somadorsub/somadorsub/somador\vivado.jou
#-----------------------------------------------------------
start_gui
open_project {C:/Users/Caetano/Desktop/PED1/Semana 11/somadorsub/somadorsub/somador/somador.xpr}
INFO: [Project 1-313] Project file moved from 'C:/Users/micka/OneDrive/rea de Trabalho/somadorsub/somador' since last save.
WARNING: [filemgmt 56-2] Default IP Output Path : Could not find the directory 'C:/Users/Caetano/Desktop/PED1/Semana 11/somadorsub/somadorsub/somador/somador.gen/sources_1', nor could it be found using path 'C:/Users/micka/OneDrive/rea de Trabalho/somadorsub/somador/somador.gen/sources_1'.
Scanning sources...
Finished scanning sources
INFO: [IP_Flow 19-234] Refreshing IP repositories
INFO: [IP_Flow 19-1704] No user IP repositories specified
INFO: [IP_Flow 19-2313] Loaded Vivado IP repository 'C:/Xilinx/Vivado/2020.2/data/ip'.
open_project: Time (s): cpu = 00:00:45 ; elapsed = 00:00:52 . Memory (MB): peak = 999.402 ; gain = 0.000
update_compile_order -fileset sources_1
set_property top somasub4_tb [get_filesets sim_1]
set_property top_lib xil_defaultlib [get_filesets sim_1]
update_compile_order -fileset sim_1
update_compile_order -fileset sim_1
update_compile_order -fileset sim_1
update_compile_order -fileset sim_1
set_property SOURCE_SET sources_1 [get_filesets sim_1]
import_files -fileset sim_1 -norecurse {{C:/Users/Caetano/Desktop/PED1/Semana 11/somadorsub/somadorsub/somador/somador.srcs/sim_1/new/somasub4_tb.vhd}}
set_property used_in_simulation false [get_files  {{C:/Users/Caetano/Desktop/PED1/Semana 11/somadorsub/somadorsub/somador/somador.srcs/sources_1/new/somasub4.vhd}}]
set_property used_in_simulation false [get_files  {{C:/Users/Caetano/Desktop/PED1/Semana 11/somadorsub/somadorsub/somador/somador.srcs/sources_1/new/somasub.vhd}}]
exit
INFO: [Common 17-206] Exiting Vivado at Wed Oct  6 18:51:01 2021...
