#-----------------------------------------------------------
# Vivado v2020.2 (64-bit)
# SW Build 3064766 on Wed Nov 18 09:12:45 MST 2020
# IP Build 3064653 on Wed Nov 18 14:17:31 MST 2020
# Start of session at: Thu Oct 14 19:14:06 2021
# Process ID: 12788
# Current directory: C:/Users/Caetano/Desktop/PED1/Semana 13/FFS/FFS/FFS
# Command line: vivado.exe -gui_launcher_event rodinguilauncherevent11696 C:\Users\Caetano\Desktop\PED1\Semana 13\FFS\FFS\FFS\FFS.xpr
# Log file: C:/Users/Caetano/Desktop/PED1/Semana 13/FFS/FFS/FFS/vivado.log
# Journal file: C:/Users/Caetano/Desktop/PED1/Semana 13/FFS/FFS/FFS\vivado.jou
#-----------------------------------------------------------
start_gui
open_project {C:/Users/Caetano/Desktop/PED1/Semana 13/FFS/FFS/FFS/FFS.xpr}
INFO: [Project 1-313] Project file moved from 'C:/Users/micka/OneDrive/rea de Trabalho/FFS/FFS' since last save.
WARNING: [filemgmt 56-2] Default IP Output Path : Could not find the directory 'C:/Users/Caetano/Desktop/PED1/Semana 13/FFS/FFS/FFS/FFS.gen/sources_1', nor could it be found using path 'C:/Users/micka/OneDrive/rea de Trabalho/FFS/FFS/FFS.gen/sources_1'.
CRITICAL WARNING: [Project 1-311] Could not find the file 'C:/Users/Caetano/Desktop/PED1/Downloads/Basys3_Master.xdc', nor could it be found using path 'C:/Users/micka/Downloads/Basys3_Master.xdc'.
Scanning sources...
Finished scanning sources
INFO: [IP_Flow 19-234] Refreshing IP repositories
INFO: [IP_Flow 19-1704] No user IP repositories specified
INFO: [IP_Flow 19-2313] Loaded Vivado IP repository 'C:/Xilinx/Vivado/2020.2/data/ip'.
open_project: Time (s): cpu = 00:00:27 ; elapsed = 00:00:19 . Memory (MB): peak = 1228.738 ; gain = 0.000
update_compile_order -fileset sources_1
