Vivado Simulator 2020.2
Time resolution is 1 ps
Error: Caso 2: 6 + 5 ? 6 Overflow (1011
Time: 100 ns  Iteration: 0  Process: /somasub4_tb/line__25  File: C:/Users/Caetano/Desktop/PED1/Semana 11/somadorsub/somadorsub/somador/somador.srcs/sim_1/imports/somador/somasub4_tb.vhd
Error: Caso 3: 5 + -2 ? 3 (0011)
Time: 200 ns  Iteration: 0  Process: /somasub4_tb/line__25  File: C:/Users/Caetano/Desktop/PED1/Semana 11/somadorsub/somadorsub/somador/somador.srcs/sim_1/imports/somador/somasub4_tb.vhd
Error: Caso 8: -5 + 3 ? -2 (1110)
Time: 300 ns  Iteration: 0  Process: /somasub4_tb/line__25  File: C:/Users/Caetano/Desktop/PED1/Semana 11/somadorsub/somadorsub/somador/somador.srcs/sim_1/imports/somador/somasub4_tb.vhd
Error: Caso 11: -5 + -6 ? 5 Overflow(1011) Overflow
Time: 400 ns  Iteration: 0  Process: /somasub4_tb/line__25  File: C:/Users/Caetano/Desktop/PED1/Semana 11/somadorsub/somadorsub/somador/somador.srcs/sim_1/imports/somador/somasub4_tb.vhd
Error: Caso 12: 5 - 3 ? 2 (1011)
Time: 500 ns  Iteration: 0  Process: /somasub4_tb/line__25  File: C:/Users/Caetano/Desktop/PED1/Semana 11/somadorsub/somadorsub/somador/somador.srcs/sim_1/imports/somador/somasub4_tb.vhd
Error: Caso 15: 5 - -2 ? 7 (1011)
Time: 600 ns  Iteration: 0  Process: /somasub4_tb/line__25  File: C:/Users/Caetano/Desktop/PED1/Semana 11/somadorsub/somadorsub/somador/somador.srcs/sim_1/imports/somador/somasub4_tb.vhd
Error: Caso 18: -6 - 7 ? 3 Overflow (1011)
Time: 700 ns  Iteration: 0  Process: /somasub4_tb/line__25  File: C:/Users/Caetano/Desktop/PED1/Semana 11/somadorsub/somadorsub/somador/somador.srcs/sim_1/imports/somador/somasub4_tb.vhd
Error: Caso 2: 6 + 5 ? 6 Overflow (1011
Time: 800 ns  Iteration: 0  Process: /somasub4_tb/line__25  File: C:/Users/Caetano/Desktop/PED1/Semana 11/somadorsub/somadorsub/somador/somador.srcs/sim_1/imports/somador/somasub4_tb.vhd
Error: Caso 3: 5 + -2 ? 3 (0011)
Time: 900 ns  Iteration: 0  Process: /somasub4_tb/line__25  File: C:/Users/Caetano/Desktop/PED1/Semana 11/somadorsub/somadorsub/somador/somador.srcs/sim_1/imports/somador/somasub4_tb.vhd
Error: Caso 8: -5 + 3 ? -2 (1110)
Time: 1 us  Iteration: 0  Process: /somasub4_tb/line__25  File: C:/Users/Caetano/Desktop/PED1/Semana 11/somadorsub/somadorsub/somador/somador.srcs/sim_1/imports/somador/somasub4_tb.vhd
Error: Caso 2: 6 + 5 ? 6 Overflow (1011
Time: 100 ns  Iteration: 0  Process: /somasub4_tb/line__25  File: C:/Users/Caetano/Desktop/PED1/Semana 11/somadorsub/somadorsub/somador/somador.srcs/sim_1/imports/somador/somasub4_tb.vhd
Error: Caso 3: 5 + -2 ? 3 (0011)
Time: 200 ns  Iteration: 0  Process: /somasub4_tb/line__25  File: C:/Users/Caetano/Desktop/PED1/Semana 11/somadorsub/somadorsub/somador/somador.srcs/sim_1/imports/somador/somasub4_tb.vhd
Error: Caso 8: -5 + 3 ? -2 (1110)
Time: 300 ns  Iteration: 0  Process: /somasub4_tb/line__25  File: C:/Users/Caetano/Desktop/PED1/Semana 11/somadorsub/somadorsub/somador/somador.srcs/sim_1/imports/somador/somasub4_tb.vhd
Error: Caso 11: -5 + -6 ? 5 Overflow(1011) Overflow
Time: 400 ns  Iteration: 0  Process: /somasub4_tb/line__25  File: C:/Users/Caetano/Desktop/PED1/Semana 11/somadorsub/somadorsub/somador/somador.srcs/sim_1/imports/somador/somasub4_tb.vhd
Error: Caso 12: 5 - 3 ? 2 (1011)
Time: 500 ns  Iteration: 0  Process: /somasub4_tb/line__25  File: C:/Users/Caetano/Desktop/PED1/Semana 11/somadorsub/somadorsub/somador/somador.srcs/sim_1/imports/somador/somasub4_tb.vhd
Error: Caso 15: 5 - -2 ? 7 (1011)
Time: 600 ns  Iteration: 0  Process: /somasub4_tb/line__25  File: C:/Users/Caetano/Desktop/PED1/Semana 11/somadorsub/somadorsub/somador/somador.srcs/sim_1/imports/somador/somasub4_tb.vhd
Error: Caso 18: -6 - 7 ? 3 Overflow (1011)
Time: 700 ns  Iteration: 0  Process: /somasub4_tb/line__25  File: C:/Users/Caetano/Desktop/PED1/Semana 11/somadorsub/somadorsub/somador/somador.srcs/sim_1/imports/somador/somasub4_tb.vhd
